#-----------------------------------------------------------
# Vivado v2019.2 (64-bit)
# SW Build 2708876 on Wed Nov  6 21:39:14 MST 2019
# IP Build 2700528 on Thu Nov  7 00:09:20 MST 2019
# Start of session at: Tue Dec 14 18:14:59 2021
# Process ID: 6328
# Current directory: /home/bscuser/Documents/work/GitLab/git_vivado_kcu105/run
# Command line: vivado
# Log file: /home/bscuser/Documents/work/GitLab/git_vivado_kcu105/run/vivado.log
# Journal file: /home/bscuser/Documents/work/GitLab/git_vivado_kcu105/run/vivado.jou
#-----------------------------------------------------------
start_gui
open_hw_manager
INFO: [IP_Flow 19-234] Refreshing IP repositories
INFO: [IP_Flow 19-1704] No user IP repositories specified
INFO: [IP_Flow 19-2313] Loaded Vivado IP repository '/home/bscuser/eda/Xilinx/Vivado/2019.2/data/ip'.
connect_hw_server -url Caos17:3121 -allow_non_jtag
INFO: [Labtools 27-2285] Connecting to hw_server url TCP:Caos17:3121
INFO: [Labtools 27-3415] Connecting to cs_server url TCP:localhost:3042
INFO: [Labtools 27-3417] Launching cs_server...
INFO: [Labtools 27-2221] Launch Output:
[?1034h

****** Xilinx cs_server v2019.2.0
  **** Build date : Nov 07 2019-06:41:48
    ** Copyright 2017-2019 Xilinx, Inc. All Rights Reserved.



current_hw_target [get_hw_targets */xilinx_tcf/Digilent/210308AAF969]
set_property PARAM.FREQUENCY 15000000 [get_hw_targets */xilinx_tcf/Digilent/210308AAF969]
open_hw_target
INFO: [Labtoolstcl 44-466] Opening hw_target Caos17:3121/xilinx_tcf/Digilent/210308AAF969
current_hw_device [get_hw_devices xcku040_0]
refresh_hw_device -update_hw_probes false [lindex [get_hw_devices xcku040_0] 0]
INFO: [Labtools 27-2302] Device xcku040 (JTAG device index = 0) is programmed with a design that has 1 ILA core(s).
set_property PROBES.FILE {/home/bscuser/Documents/work/GitLab/git_vivado_kcu105/run/top.ltx} [get_hw_devices xcku040_0]
set_property FULL_PROBES.FILE {/home/bscuser/Documents/work/GitLab/git_vivado_kcu105/run/top.ltx} [get_hw_devices xcku040_0]
refresh_hw_device [lindex [get_hw_devices xcku040_0] 0]
INFO: [Labtools 27-2302] Device xcku040 (JTAG device index = 0) is programmed with a design that has 1 ILA core(s).
display_hw_ila_data [ get_hw_ila_data hw_ila_data_1 -of_objects [get_hw_ilas -of_objects [get_hw_devices xcku040_0] -filter {CELL_NAME=~"u_ila_0"}]]
run_hw_ila [get_hw_ilas -of_objects [get_hw_devices xcku040_0] -filter {CELL_NAME=~"u_ila_0"}]
INFO: [Labtools 27-1964] The ILA core 'hw_ila_1' trigger was armed at 2021-Dec-14 18:16:11
wait_on_hw_ila [get_hw_ilas -of_objects [get_hw_devices xcku040_0] -filter {CELL_NAME=~"u_ila_0"}]
display_hw_ila_data [upload_hw_ila_data [get_hw_ilas -of_objects [get_hw_devices xcku040_0] -filter {CELL_NAME=~"u_ila_0"}]]
INFO: [Labtools 27-1966] The ILA core 'hw_ila_1' triggered at 2021-Dec-14 18:16:11
INFO: [Labtools 27-3304] ILA Waveform data saved to file /home/bscuser/Documents/work/GitLab/git_vivado_kcu105/run/.Xil/Vivado-6328-bsccs445/backup/hw_ila_data_1.ila. Use Tcl command 'read_hw_ila_data' or Vivado File->Import->Import ILA Data menu item to import the previously saved data.
run_hw_ila [get_hw_ilas -of_objects [get_hw_devices xcku040_0] -filter {CELL_NAME=~"u_ila_0"}]
INFO: [Labtools 27-1964] The ILA core 'hw_ila_1' trigger was armed at 2021-Dec-14 18:16:28
wait_on_hw_ila [get_hw_ilas -of_objects [get_hw_devices xcku040_0] -filter {CELL_NAME=~"u_ila_0"}]
display_hw_ila_data [upload_hw_ila_data [get_hw_ilas -of_objects [get_hw_devices xcku040_0] -filter {CELL_NAME=~"u_ila_0"}]]
INFO: [Labtools 27-1966] The ILA core 'hw_ila_1' triggered at 2021-Dec-14 18:16:28
INFO: [Labtools 27-3304] ILA Waveform data saved to file /home/bscuser/Documents/work/GitLab/git_vivado_kcu105/run/.Xil/Vivado-6328-bsccs445/backup/hw_ila_data_1.ila. Use Tcl command 'read_hw_ila_data' or Vivado File->Import->Import ILA Data menu item to import the previously saved data.
stop_gui
exit
INFO: [Common 17-206] Exiting Vivado at Tue Dec 14 18:19:25 2021...
