#-----------------------------------------------------------
# Vivado v2019.2 (64-bit)
# SW Build 2708876 on Wed Nov  6 21:39:14 MST 2019
# IP Build 2700528 on Thu Nov  7 00:09:20 MST 2019
# Start of session at: Fri Nov 26 16:42:23 2021
# Process ID: 26428
# Current directory: /home/bscuser/Documents/work/GitLab/git_vivado_kcu105/run
# Command line: vivado -mode batch -source ../script/vivado_non_project.tcl -notrace -tclargs -cmd run -ifn ../script/file_list.txt -top top -part xcku040-ffva1156-2-e
# Log file: /home/bscuser/Documents/work/GitLab/git_vivado_kcu105/run/vivado.log
# Journal file: /home/bscuser/Documents/work/GitLab/git_vivado_kcu105/run/vivado.jou
#-----------------------------------------------------------
source ../script/vivado_non_project.tcl -notrace
    IfnOpt=../script/file_list.txt TopOpt=top PartOpt=xcku040-ffva1156-2-e
WARNING: Unsupported file extension .txt for ../script/file_list.txt
WARNING: Unsupported source type misc. ../script/file_list.txt will be version controlled.
Command: synth_design -top top -part xcku040-ffva1156-2-e
Starting synth_design
Attempting to get a license for feature 'Synthesis' and/or device 'xcku040'
INFO: [Common 17-349] Got license for feature 'Synthesis' and/or device 'xcku040'
INFO: [Device 21-403] Loading part xcku040-ffva1156-2-e
INFO: Launching helper process for spawning children vivado processes
INFO: Helper process launched with PID 26465 
---------------------------------------------------------------------------------
Starting RTL Elaboration : Time (s): cpu = 00:00:04 ; elapsed = 00:00:05 . Memory (MB): peak = 2225.594 ; gain = 197.684 ; free physical = 1074 ; free virtual = 11091
---------------------------------------------------------------------------------
INFO: [Synth 8-6157] synthesizing module 'top' [/home/bscuser/Documents/work/GitLab/git_vivado_kcu105/src/verilog/top.v:23]
	Parameter CLK_FREQ bound to: 300000000 - type: integer 
	Parameter LED_NUM bound to: 8 - type: integer 
INFO: [Synth 8-6157] synthesizing module 'IBUFDS' [/home/bscuser/eda/Xilinx/Vivado/2019.2/scripts/rt/data/unisim_comp.v:32952]
	Parameter CAPACITANCE bound to: DONT_CARE - type: string 
	Parameter DIFF_TERM bound to: FALSE - type: string 
	Parameter DQS_BIAS bound to: FALSE - type: string 
	Parameter IBUF_DELAY_VALUE bound to: 0 - type: string 
	Parameter IBUF_LOW_PWR bound to: TRUE - type: string 
	Parameter IFD_DELAY_VALUE bound to: AUTO - type: string 
	Parameter IOSTANDARD bound to: DEFAULT - type: string 
INFO: [Synth 8-6155] done synthesizing module 'IBUFDS' (1#1) [/home/bscuser/eda/Xilinx/Vivado/2019.2/scripts/rt/data/unisim_comp.v:32952]
INFO: [Synth 8-6157] synthesizing module 'BUFG' [/home/bscuser/eda/Xilinx/Vivado/2019.2/scripts/rt/data/unisim_comp.v:1075]
INFO: [Synth 8-6155] done synthesizing module 'BUFG' (2#1) [/home/bscuser/eda/Xilinx/Vivado/2019.2/scripts/rt/data/unisim_comp.v:1075]
INFO: [Synth 8-6157] synthesizing module 'Led_Water' [/home/bscuser/Documents/work/GitLab/git_vivado_kcu105/src/verilog/Led_Water.v:23]
	Parameter CLK_FREQ bound to: 300000000 - type: integer 
	Parameter LED_NUM bound to: 8 - type: integer 
INFO: [Synth 8-6155] done synthesizing module 'Led_Water' (3#1) [/home/bscuser/Documents/work/GitLab/git_vivado_kcu105/src/verilog/Led_Water.v:23]
INFO: [Synth 8-6155] done synthesizing module 'top' (4#1) [/home/bscuser/Documents/work/GitLab/git_vivado_kcu105/src/verilog/top.v:23]
---------------------------------------------------------------------------------
Finished RTL Elaboration : Time (s): cpu = 00:00:05 ; elapsed = 00:00:06 . Memory (MB): peak = 2288.344 ; gain = 260.434 ; free physical = 1120 ; free virtual = 11129
---------------------------------------------------------------------------------

Report Check Netlist: 
+------+------------------+-------+---------+-------+------------------+
|      |Item              |Errors |Warnings |Status |Description       |
+------+------------------+-------+---------+-------+------------------+
|1     |multi_driven_nets |      0|        0|Passed |Multi driven nets |
+------+------------------+-------+---------+-------+------------------+
---------------------------------------------------------------------------------
Start Handling Custom Attributes
---------------------------------------------------------------------------------
---------------------------------------------------------------------------------
Finished Handling Custom Attributes : Time (s): cpu = 00:00:05 ; elapsed = 00:00:07 . Memory (MB): peak = 2291.312 ; gain = 263.402 ; free physical = 1045 ; free virtual = 11070
---------------------------------------------------------------------------------
---------------------------------------------------------------------------------
Finished RTL Optimization Phase 1 : Time (s): cpu = 00:00:05 ; elapsed = 00:00:07 . Memory (MB): peak = 2291.312 ; gain = 263.402 ; free physical = 1045 ; free virtual = 11070
---------------------------------------------------------------------------------
Netlist sorting complete. Time (s): cpu = 00:00:00.01 ; elapsed = 00:00:00 . Memory (MB): peak = 2301.219 ; gain = 0.000 ; free physical = 1034 ; free virtual = 11059
INFO: [Netlist 29-17] Analyzing 2 Unisim elements for replacement
INFO: [Netlist 29-28] Unisim Transformation completed in 0 CPU seconds
INFO: [Project 1-570] Preparing netlist for logic optimization

Processing XDC Constraints
Initializing timing engine
Parsing XDC File [/home/bscuser/Documents/work/GitLab/git_vivado_kcu105/src/constrs/KCU105_Rev1.0_02292016.xdc]
WARNING: [Vivado 12-584] No ports matched 'DDR4_DQ25'. [/home/bscuser/Documents/work/GitLab/git_vivado_kcu105/src/constrs/KCU105_Rev1.0_02292016.xdc:34]
CRITICAL WARNING: [Common 17-55] 'set_property' expects at least one object. [/home/bscuser/Documents/work/GitLab/git_vivado_kcu105/src/constrs/KCU105_Rev1.0_02292016.xdc:34]
Resolution: If [get_<value>] was used to populate the object, check to make sure this command returns at least one valid object.
WARNING: [Vivado 12-584] No ports matched 'DDR4_DQ25'. [/home/bscuser/Documents/work/GitLab/git_vivado_kcu105/src/constrs/KCU105_Rev1.0_02292016.xdc:35]
CRITICAL WARNING: [Common 17-55] 'set_property' expects at least one object. [/home/bscuser/Documents/work/GitLab/git_vivado_kcu105/src/constrs/KCU105_Rev1.0_02292016.xdc:35]
Resolution: If [get_<value>] was used to populate the object, check to make sure this command returns at least one valid object.
WARNING: [Vivado 12-584] No ports matched 'DDR4_DQ27'. [/home/bscuser/Documents/work/GitLab/git_vivado_kcu105/src/constrs/KCU105_Rev1.0_02292016.xdc:37]
CRITICAL WARNING: [Common 17-55] 'set_property' expects at least one object. [/home/bscuser/Documents/work/GitLab/git_vivado_kcu105/src/constrs/KCU105_Rev1.0_02292016.xdc:37]
Resolution: If [get_<value>] was used to populate the object, check to make sure this command returns at least one valid object.
WARNING: [Vivado 12-584] No ports matched 'DDR4_DQ27'. [/home/bscuser/Documents/work/GitLab/git_vivado_kcu105/src/constrs/KCU105_Rev1.0_02292016.xdc:38]
CRITICAL WARNING: [Common 17-55] 'set_property' expects at least one object. [/home/bscuser/Documents/work/GitLab/git_vivado_kcu105/src/constrs/KCU105_Rev1.0_02292016.xdc:38]
Resolution: If [get_<value>] was used to populate the object, check to make sure this command returns at least one valid object.
WARNING: [Vivado 12-584] No ports matched '4N6824'. [/home/bscuser/Documents/work/GitLab/git_vivado_kcu105/src/constrs/KCU105_Rev1.0_02292016.xdc:40]
CRITICAL WARNING: [Common 17-55] 'set_property' expects at least one object. [/home/bscuser/Documents/work/GitLab/git_vivado_kcu105/src/constrs/KCU105_Rev1.0_02292016.xdc:40]
Resolution: If [get_<value>] was used to populate the object, check to make sure this command returns at least one valid object.
WARNING: [Vivado 12-584] No ports matched '4N6824'. [/home/bscuser/Documents/work/GitLab/git_vivado_kcu105/src/constrs/KCU105_Rev1.0_02292016.xdc:41]
CRITICAL WARNING: [Common 17-55] 'set_property' expects at least one object. [/home/bscuser/Documents/work/GitLab/git_vivado_kcu105/src/constrs/KCU105_Rev1.0_02292016.xdc:41]
Resolution: If [get_<value>] was used to populate the object, check to make sure this command returns at least one valid object.
WARNING: [Vivado 12-584] No ports matched 'DDR4_DQ30'. [/home/bscuser/Documents/work/GitLab/git_vivado_kcu105/src/constrs/KCU105_Rev1.0_02292016.xdc:43]
CRITICAL WARNING: [Common 17-55] 'set_property' expects at least one object. [/home/bscuser/Documents/work/GitLab/git_vivado_kcu105/src/constrs/KCU105_Rev1.0_02292016.xdc:43]
Resolution: If [get_<value>] was used to populate the object, check to make sure this command returns at least one valid object.
WARNING: [Vivado 12-584] No ports matched 'DDR4_DQ30'. [/home/bscuser/Documents/work/GitLab/git_vivado_kcu105/src/constrs/KCU105_Rev1.0_02292016.xdc:44]
CRITICAL WARNING: [Common 17-55] 'set_property' expects at least one object. [/home/bscuser/Documents/work/GitLab/git_vivado_kcu105/src/constrs/KCU105_Rev1.0_02292016.xdc:44]
Resolution: If [get_<value>] was used to populate the object, check to make sure this command returns at least one valid object.
WARNING: [Vivado 12-584] No ports matched 'DDR4_DQ28'. [/home/bscuser/Documents/work/GitLab/git_vivado_kcu105/src/constrs/KCU105_Rev1.0_02292016.xdc:46]
CRITICAL WARNING: [Common 17-55] 'set_property' expects at least one object. [/home/bscuser/Documents/work/GitLab/git_vivado_kcu105/src/constrs/KCU105_Rev1.0_02292016.xdc:46]
Resolution: If [get_<value>] was used to populate the object, check to make sure this command returns at least one valid object.
WARNING: [Vivado 12-584] No ports matched 'DDR4_DQ28'. [/home/bscuser/Documents/work/GitLab/git_vivado_kcu105/src/constrs/KCU105_Rev1.0_02292016.xdc:47]
CRITICAL WARNING: [Common 17-55] 'set_property' expects at least one object. [/home/bscuser/Documents/work/GitLab/git_vivado_kcu105/src/constrs/KCU105_Rev1.0_02292016.xdc:47]
Resolution: If [get_<value>] was used to populate the object, check to make sure this command returns at least one valid object.
WARNING: [Vivado 12-584] No ports matched 'DDR4_DQS3_T'. [/home/bscuser/Documents/work/GitLab/git_vivado_kcu105/src/constrs/KCU105_Rev1.0_02292016.xdc:49]
CRITICAL WARNING: [Common 17-55] 'set_property' expects at least one object. [/home/bscuser/Documents/work/GitLab/git_vivado_kcu105/src/constrs/KCU105_Rev1.0_02292016.xdc:49]
Resolution: If [get_<value>] was used to populate the object, check to make sure this command returns at least one valid object.
WARNING: [Vivado 12-584] No ports matched 'DDR4_DQS3_T'. [/home/bscuser/Documents/work/GitLab/git_vivado_kcu105/src/constrs/KCU105_Rev1.0_02292016.xdc:50]
CRITICAL WARNING: [Common 17-55] 'set_property' expects at least one object. [/home/bscuser/Documents/work/GitLab/git_vivado_kcu105/src/constrs/KCU105_Rev1.0_02292016.xdc:50]
Resolution: If [get_<value>] was used to populate the object, check to make sure this command returns at least one valid object.
WARNING: [Vivado 12-584] No ports matched 'DDR4_DQS3_C'. [/home/bscuser/Documents/work/GitLab/git_vivado_kcu105/src/constrs/KCU105_Rev1.0_02292016.xdc:52]
CRITICAL WARNING: [Common 17-55] 'set_property' expects at least one object. [/home/bscuser/Documents/work/GitLab/git_vivado_kcu105/src/constrs/KCU105_Rev1.0_02292016.xdc:52]
Resolution: If [get_<value>] was used to populate the object, check to make sure this command returns at least one valid object.
WARNING: [Vivado 12-584] No ports matched 'DDR4_DQS3_C'. [/home/bscuser/Documents/work/GitLab/git_vivado_kcu105/src/constrs/KCU105_Rev1.0_02292016.xdc:53]
CRITICAL WARNING: [Common 17-55] 'set_property' expects at least one object. [/home/bscuser/Documents/work/GitLab/git_vivado_kcu105/src/constrs/KCU105_Rev1.0_02292016.xdc:53]
Resolution: If [get_<value>] was used to populate the object, check to make sure this command returns at least one valid object.
WARNING: [Vivado 12-584] No ports matched 'DDR4_DQ24'. [/home/bscuser/Documents/work/GitLab/git_vivado_kcu105/src/constrs/KCU105_Rev1.0_02292016.xdc:55]
CRITICAL WARNING: [Common 17-55] 'set_property' expects at least one object. [/home/bscuser/Documents/work/GitLab/git_vivado_kcu105/src/constrs/KCU105_Rev1.0_02292016.xdc:55]
Resolution: If [get_<value>] was used to populate the object, check to make sure this command returns at least one valid object.
WARNING: [Vivado 12-584] No ports matched 'DDR4_DQ24'. [/home/bscuser/Documents/work/GitLab/git_vivado_kcu105/src/constrs/KCU105_Rev1.0_02292016.xdc:56]
CRITICAL WARNING: [Common 17-55] 'set_property' expects at least one object. [/home/bscuser/Documents/work/GitLab/git_vivado_kcu105/src/constrs/KCU105_Rev1.0_02292016.xdc:56]
Resolution: If [get_<value>] was used to populate the object, check to make sure this command returns at least one valid object.
WARNING: [Vivado 12-584] No ports matched 'DDR4_DQ26'. [/home/bscuser/Documents/work/GitLab/git_vivado_kcu105/src/constrs/KCU105_Rev1.0_02292016.xdc:58]
CRITICAL WARNING: [Common 17-55] 'set_property' expects at least one object. [/home/bscuser/Documents/work/GitLab/git_vivado_kcu105/src/constrs/KCU105_Rev1.0_02292016.xdc:58]
Resolution: If [get_<value>] was used to populate the object, check to make sure this command returns at least one valid object.
WARNING: [Vivado 12-584] No ports matched 'DDR4_DQ26'. [/home/bscuser/Documents/work/GitLab/git_vivado_kcu105/src/constrs/KCU105_Rev1.0_02292016.xdc:59]
CRITICAL WARNING: [Common 17-55] 'set_property' expects at least one object. [/home/bscuser/Documents/work/GitLab/git_vivado_kcu105/src/constrs/KCU105_Rev1.0_02292016.xdc:59]
Resolution: If [get_<value>] was used to populate the object, check to make sure this command returns at least one valid object.
WARNING: [Vivado 12-584] No ports matched 'DDR4_DQ31'. [/home/bscuser/Documents/work/GitLab/git_vivado_kcu105/src/constrs/KCU105_Rev1.0_02292016.xdc:61]
CRITICAL WARNING: [Common 17-55] 'set_property' expects at least one object. [/home/bscuser/Documents/work/GitLab/git_vivado_kcu105/src/constrs/KCU105_Rev1.0_02292016.xdc:61]
Resolution: If [get_<value>] was used to populate the object, check to make sure this command returns at least one valid object.
WARNING: [Vivado 12-584] No ports matched 'DDR4_DQ31'. [/home/bscuser/Documents/work/GitLab/git_vivado_kcu105/src/constrs/KCU105_Rev1.0_02292016.xdc:62]
CRITICAL WARNING: [Common 17-55] 'set_property' expects at least one object. [/home/bscuser/Documents/work/GitLab/git_vivado_kcu105/src/constrs/KCU105_Rev1.0_02292016.xdc:62]
Resolution: If [get_<value>] was used to populate the object, check to make sure this command returns at least one valid object.
WARNING: [Vivado 12-584] No ports matched 'DDR4_DQ29'. [/home/bscuser/Documents/work/GitLab/git_vivado_kcu105/src/constrs/KCU105_Rev1.0_02292016.xdc:64]
CRITICAL WARNING: [Common 17-55] 'set_property' expects at least one object. [/home/bscuser/Documents/work/GitLab/git_vivado_kcu105/src/constrs/KCU105_Rev1.0_02292016.xdc:64]
Resolution: If [get_<value>] was used to populate the object, check to make sure this command returns at least one valid object.
WARNING: [Vivado 12-584] No ports matched 'DDR4_DQ29'. [/home/bscuser/Documents/work/GitLab/git_vivado_kcu105/src/constrs/KCU105_Rev1.0_02292016.xdc:65]
CRITICAL WARNING: [Common 17-55] 'set_property' expects at least one object. [/home/bscuser/Documents/work/GitLab/git_vivado_kcu105/src/constrs/KCU105_Rev1.0_02292016.xdc:65]
Resolution: If [get_<value>] was used to populate the object, check to make sure this command returns at least one valid object.
WARNING: [Vivado 12-584] No ports matched 'DDR4_DM3'. [/home/bscuser/Documents/work/GitLab/git_vivado_kcu105/src/constrs/KCU105_Rev1.0_02292016.xdc:67]
CRITICAL WARNING: [Common 17-55] 'set_property' expects at least one object. [/home/bscuser/Documents/work/GitLab/git_vivado_kcu105/src/constrs/KCU105_Rev1.0_02292016.xdc:67]
Resolution: If [get_<value>] was used to populate the object, check to make sure this command returns at least one valid object.
WARNING: [Vivado 12-584] No ports matched 'DDR4_DM3'. [/home/bscuser/Documents/work/GitLab/git_vivado_kcu105/src/constrs/KCU105_Rev1.0_02292016.xdc:68]
CRITICAL WARNING: [Common 17-55] 'set_property' expects at least one object. [/home/bscuser/Documents/work/GitLab/git_vivado_kcu105/src/constrs/KCU105_Rev1.0_02292016.xdc:68]
Resolution: If [get_<value>] was used to populate the object, check to make sure this command returns at least one valid object.
WARNING: [Vivado 12-584] No ports matched 'PMOD0_1_LS'. [/home/bscuser/Documents/work/GitLab/git_vivado_kcu105/src/constrs/KCU105_Rev1.0_02292016.xdc:70]
CRITICAL WARNING: [Common 17-55] 'set_property' expects at least one object. [/home/bscuser/Documents/work/GitLab/git_vivado_kcu105/src/constrs/KCU105_Rev1.0_02292016.xdc:70]
Resolution: If [get_<value>] was used to populate the object, check to make sure this command returns at least one valid object.
WARNING: [Vivado 12-584] No ports matched 'PMOD0_1_LS'. [/home/bscuser/Documents/work/GitLab/git_vivado_kcu105/src/constrs/KCU105_Rev1.0_02292016.xdc:71]
CRITICAL WARNING: [Common 17-55] 'set_property' expects at least one object. [/home/bscuser/Documents/work/GitLab/git_vivado_kcu105/src/constrs/KCU105_Rev1.0_02292016.xdc:71]
Resolution: If [get_<value>] was used to populate the object, check to make sure this command returns at least one valid object.
WARNING: [Vivado 12-584] No ports matched 'DDR4_DQ21'. [/home/bscuser/Documents/work/GitLab/git_vivado_kcu105/src/constrs/KCU105_Rev1.0_02292016.xdc:73]
CRITICAL WARNING: [Common 17-55] 'set_property' expects at least one object. [/home/bscuser/Documents/work/GitLab/git_vivado_kcu105/src/constrs/KCU105_Rev1.0_02292016.xdc:73]
Resolution: If [get_<value>] was used to populate the object, check to make sure this command returns at least one valid object.
WARNING: [Vivado 12-584] No ports matched 'DDR4_DQ21'. [/home/bscuser/Documents/work/GitLab/git_vivado_kcu105/src/constrs/KCU105_Rev1.0_02292016.xdc:74]
CRITICAL WARNING: [Common 17-55] 'set_property' expects at least one object. [/home/bscuser/Documents/work/GitLab/git_vivado_kcu105/src/constrs/KCU105_Rev1.0_02292016.xdc:74]
Resolution: If [get_<value>] was used to populate the object, check to make sure this command returns at least one valid object.
WARNING: [Vivado 12-584] No ports matched 'DDR4_DQ17'. [/home/bscuser/Documents/work/GitLab/git_vivado_kcu105/src/constrs/KCU105_Rev1.0_02292016.xdc:76]
CRITICAL WARNING: [Common 17-55] 'set_property' expects at least one object. [/home/bscuser/Documents/work/GitLab/git_vivado_kcu105/src/constrs/KCU105_Rev1.0_02292016.xdc:76]
Resolution: If [get_<value>] was used to populate the object, check to make sure this command returns at least one valid object.
WARNING: [Vivado 12-584] No ports matched 'DDR4_DQ17'. [/home/bscuser/Documents/work/GitLab/git_vivado_kcu105/src/constrs/KCU105_Rev1.0_02292016.xdc:77]
CRITICAL WARNING: [Common 17-55] 'set_property' expects at least one object. [/home/bscuser/Documents/work/GitLab/git_vivado_kcu105/src/constrs/KCU105_Rev1.0_02292016.xdc:77]
Resolution: If [get_<value>] was used to populate the object, check to make sure this command returns at least one valid object.
WARNING: [Vivado 12-584] No ports matched 'DDR4_DQ16'. [/home/bscuser/Documents/work/GitLab/git_vivado_kcu105/src/constrs/KCU105_Rev1.0_02292016.xdc:79]
CRITICAL WARNING: [Common 17-55] 'set_property' expects at least one object. [/home/bscuser/Documents/work/GitLab/git_vivado_kcu105/src/constrs/KCU105_Rev1.0_02292016.xdc:79]
Resolution: If [get_<value>] was used to populate the object, check to make sure this command returns at least one valid object.
WARNING: [Vivado 12-584] No ports matched 'DDR4_DQ16'. [/home/bscuser/Documents/work/GitLab/git_vivado_kcu105/src/constrs/KCU105_Rev1.0_02292016.xdc:80]
CRITICAL WARNING: [Common 17-55] 'set_property' expects at least one object. [/home/bscuser/Documents/work/GitLab/git_vivado_kcu105/src/constrs/KCU105_Rev1.0_02292016.xdc:80]
Resolution: If [get_<value>] was used to populate the object, check to make sure this command returns at least one valid object.
WARNING: [Vivado 12-584] No ports matched 'DDR4_DQ23'. [/home/bscuser/Documents/work/GitLab/git_vivado_kcu105/src/constrs/KCU105_Rev1.0_02292016.xdc:82]
CRITICAL WARNING: [Common 17-55] 'set_property' expects at least one object. [/home/bscuser/Documents/work/GitLab/git_vivado_kcu105/src/constrs/KCU105_Rev1.0_02292016.xdc:82]
Resolution: If [get_<value>] was used to populate the object, check to make sure this command returns at least one valid object.
WARNING: [Vivado 12-584] No ports matched 'DDR4_DQ23'. [/home/bscuser/Documents/work/GitLab/git_vivado_kcu105/src/constrs/KCU105_Rev1.0_02292016.xdc:83]
CRITICAL WARNING: [Common 17-55] 'set_property' expects at least one object. [/home/bscuser/Documents/work/GitLab/git_vivado_kcu105/src/constrs/KCU105_Rev1.0_02292016.xdc:83]
Resolution: If [get_<value>] was used to populate the object, check to make sure this command returns at least one valid object.
WARNING: [Vivado 12-584] No ports matched 'DDR4_DQS2_T'. [/home/bscuser/Documents/work/GitLab/git_vivado_kcu105/src/constrs/KCU105_Rev1.0_02292016.xdc:85]
CRITICAL WARNING: [Common 17-55] 'set_property' expects at least one object. [/home/bscuser/Documents/work/GitLab/git_vivado_kcu105/src/constrs/KCU105_Rev1.0_02292016.xdc:85]
Resolution: If [get_<value>] was used to populate the object, check to make sure this command returns at least one valid object.
WARNING: [Vivado 12-584] No ports matched 'DDR4_DQS2_T'. [/home/bscuser/Documents/work/GitLab/git_vivado_kcu105/src/constrs/KCU105_Rev1.0_02292016.xdc:86]
CRITICAL WARNING: [Common 17-55] 'set_property' expects at least one object. [/home/bscuser/Documents/work/GitLab/git_vivado_kcu105/src/constrs/KCU105_Rev1.0_02292016.xdc:86]
Resolution: If [get_<value>] was used to populate the object, check to make sure this command returns at least one valid object.
WARNING: [Vivado 12-584] No ports matched 'DDR4_DQS2_C'. [/home/bscuser/Documents/work/GitLab/git_vivado_kcu105/src/constrs/KCU105_Rev1.0_02292016.xdc:88]
CRITICAL WARNING: [Common 17-55] 'set_property' expects at least one object. [/home/bscuser/Documents/work/GitLab/git_vivado_kcu105/src/constrs/KCU105_Rev1.0_02292016.xdc:88]
Resolution: If [get_<value>] was used to populate the object, check to make sure this command returns at least one valid object.
WARNING: [Vivado 12-584] No ports matched 'DDR4_DQS2_C'. [/home/bscuser/Documents/work/GitLab/git_vivado_kcu105/src/constrs/KCU105_Rev1.0_02292016.xdc:89]
CRITICAL WARNING: [Common 17-55] 'set_property' expects at least one object. [/home/bscuser/Documents/work/GitLab/git_vivado_kcu105/src/constrs/KCU105_Rev1.0_02292016.xdc:89]
Resolution: If [get_<value>] was used to populate the object, check to make sure this command returns at least one valid object.
WARNING: [Vivado 12-584] No ports matched 'DDR4_DQ22'. [/home/bscuser/Documents/work/GitLab/git_vivado_kcu105/src/constrs/KCU105_Rev1.0_02292016.xdc:91]
CRITICAL WARNING: [Common 17-55] 'set_property' expects at least one object. [/home/bscuser/Documents/work/GitLab/git_vivado_kcu105/src/constrs/KCU105_Rev1.0_02292016.xdc:91]
Resolution: If [get_<value>] was used to populate the object, check to make sure this command returns at least one valid object.
WARNING: [Vivado 12-584] No ports matched 'DDR4_DQ22'. [/home/bscuser/Documents/work/GitLab/git_vivado_kcu105/src/constrs/KCU105_Rev1.0_02292016.xdc:92]
CRITICAL WARNING: [Common 17-55] 'set_property' expects at least one object. [/home/bscuser/Documents/work/GitLab/git_vivado_kcu105/src/constrs/KCU105_Rev1.0_02292016.xdc:92]
Resolution: If [get_<value>] was used to populate the object, check to make sure this command returns at least one valid object.
WARNING: [Vivado 12-584] No ports matched 'DDR4_DQ18'. [/home/bscuser/Documents/work/GitLab/git_vivado_kcu105/src/constrs/KCU105_Rev1.0_02292016.xdc:94]
CRITICAL WARNING: [Common 17-55] 'set_property' expects at least one object. [/home/bscuser/Documents/work/GitLab/git_vivado_kcu105/src/constrs/KCU105_Rev1.0_02292016.xdc:94]
Resolution: If [get_<value>] was used to populate the object, check to make sure this command returns at least one valid object.
WARNING: [Vivado 12-584] No ports matched 'DDR4_DQ18'. [/home/bscuser/Documents/work/GitLab/git_vivado_kcu105/src/constrs/KCU105_Rev1.0_02292016.xdc:95]
CRITICAL WARNING: [Common 17-55] 'set_property' expects at least one object. [/home/bscuser/Documents/work/GitLab/git_vivado_kcu105/src/constrs/KCU105_Rev1.0_02292016.xdc:95]
Resolution: If [get_<value>] was used to populate the object, check to make sure this command returns at least one valid object.
WARNING: [Vivado 12-584] No ports matched 'DDR4_DQ20'. [/home/bscuser/Documents/work/GitLab/git_vivado_kcu105/src/constrs/KCU105_Rev1.0_02292016.xdc:97]
CRITICAL WARNING: [Common 17-55] 'set_property' expects at least one object. [/home/bscuser/Documents/work/GitLab/git_vivado_kcu105/src/constrs/KCU105_Rev1.0_02292016.xdc:97]
Resolution: If [get_<value>] was used to populate the object, check to make sure this command returns at least one valid object.
WARNING: [Vivado 12-584] No ports matched 'DDR4_DQ20'. [/home/bscuser/Documents/work/GitLab/git_vivado_kcu105/src/constrs/KCU105_Rev1.0_02292016.xdc:98]
CRITICAL WARNING: [Common 17-55] 'set_property' expects at least one object. [/home/bscuser/Documents/work/GitLab/git_vivado_kcu105/src/constrs/KCU105_Rev1.0_02292016.xdc:98]
Resolution: If [get_<value>] was used to populate the object, check to make sure this command returns at least one valid object.
WARNING: [Vivado 12-584] No ports matched 'DDR4_DQ19'. [/home/bscuser/Documents/work/GitLab/git_vivado_kcu105/src/constrs/KCU105_Rev1.0_02292016.xdc:100]
CRITICAL WARNING: [Common 17-55] 'set_property' expects at least one object. [/home/bscuser/Documents/work/GitLab/git_vivado_kcu105/src/constrs/KCU105_Rev1.0_02292016.xdc:100]
Resolution: If [get_<value>] was used to populate the object, check to make sure this command returns at least one valid object.
WARNING: [Vivado 12-584] No ports matched 'DDR4_DQ19'. [/home/bscuser/Documents/work/GitLab/git_vivado_kcu105/src/constrs/KCU105_Rev1.0_02292016.xdc:101]
CRITICAL WARNING: [Common 17-55] 'set_property' expects at least one object. [/home/bscuser/Documents/work/GitLab/git_vivado_kcu105/src/constrs/KCU105_Rev1.0_02292016.xdc:101]
Resolution: If [get_<value>] was used to populate the object, check to make sure this command returns at least one valid object.
WARNING: [Vivado 12-584] No ports matched 'PMOD0_0_LS'. [/home/bscuser/Documents/work/GitLab/git_vivado_kcu105/src/constrs/KCU105_Rev1.0_02292016.xdc:103]
CRITICAL WARNING: [Common 17-55] 'set_property' expects at least one object. [/home/bscuser/Documents/work/GitLab/git_vivado_kcu105/src/constrs/KCU105_Rev1.0_02292016.xdc:103]
Resolution: If [get_<value>] was used to populate the object, check to make sure this command returns at least one valid object.
WARNING: [Vivado 12-584] No ports matched 'PMOD0_0_LS'. [/home/bscuser/Documents/work/GitLab/git_vivado_kcu105/src/constrs/KCU105_Rev1.0_02292016.xdc:104]
CRITICAL WARNING: [Common 17-55] 'set_property' expects at least one object. [/home/bscuser/Documents/work/GitLab/git_vivado_kcu105/src/constrs/KCU105_Rev1.0_02292016.xdc:104]
Resolution: If [get_<value>] was used to populate the object, check to make sure this command returns at least one valid object.
WARNING: [Vivado 12-584] No ports matched 'DDR4_DM2'. [/home/bscuser/Documents/work/GitLab/git_vivado_kcu105/src/constrs/KCU105_Rev1.0_02292016.xdc:106]
CRITICAL WARNING: [Common 17-55] 'set_property' expects at least one object. [/home/bscuser/Documents/work/GitLab/git_vivado_kcu105/src/constrs/KCU105_Rev1.0_02292016.xdc:106]
Resolution: If [get_<value>] was used to populate the object, check to make sure this command returns at least one valid object.
WARNING: [Vivado 12-584] No ports matched 'DDR4_DM2'. [/home/bscuser/Documents/work/GitLab/git_vivado_kcu105/src/constrs/KCU105_Rev1.0_02292016.xdc:107]
CRITICAL WARNING: [Common 17-55] 'set_property' expects at least one object. [/home/bscuser/Documents/work/GitLab/git_vivado_kcu105/src/constrs/KCU105_Rev1.0_02292016.xdc:107]
Resolution: If [get_<value>] was used to populate the object, check to make sure this command returns at least one valid object.
WARNING: [Vivado 12-584] No ports matched '4N7226'. [/home/bscuser/Documents/work/GitLab/git_vivado_kcu105/src/constrs/KCU105_Rev1.0_02292016.xdc:109]
CRITICAL WARNING: [Common 17-55] 'set_property' expects at least one object. [/home/bscuser/Documents/work/GitLab/git_vivado_kcu105/src/constrs/KCU105_Rev1.0_02292016.xdc:109]
Resolution: If [get_<value>] was used to populate the object, check to make sure this command returns at least one valid object.
WARNING: [Vivado 12-584] No ports matched '4N7226'. [/home/bscuser/Documents/work/GitLab/git_vivado_kcu105/src/constrs/KCU105_Rev1.0_02292016.xdc:110]
CRITICAL WARNING: [Common 17-55] 'set_property' expects at least one object. [/home/bscuser/Documents/work/GitLab/git_vivado_kcu105/src/constrs/KCU105_Rev1.0_02292016.xdc:110]
Resolution: If [get_<value>] was used to populate the object, check to make sure this command returns at least one valid object.
WARNING: [Vivado 12-584] No ports matched 'DDR4_DQ14'. [/home/bscuser/Documents/work/GitLab/git_vivado_kcu105/src/constrs/KCU105_Rev1.0_02292016.xdc:112]
CRITICAL WARNING: [Common 17-55] 'set_property' expects at least one object. [/home/bscuser/Documents/work/GitLab/git_vivado_kcu105/src/constrs/KCU105_Rev1.0_02292016.xdc:112]
Resolution: If [get_<value>] was used to populate the object, check to make sure this command returns at least one valid object.
WARNING: [Vivado 12-584] No ports matched 'DDR4_DQ14'. [/home/bscuser/Documents/work/GitLab/git_vivado_kcu105/src/constrs/KCU105_Rev1.0_02292016.xdc:113]
CRITICAL WARNING: [Common 17-55] 'set_property' expects at least one object. [/home/bscuser/Documents/work/GitLab/git_vivado_kcu105/src/constrs/KCU105_Rev1.0_02292016.xdc:113]
Resolution: If [get_<value>] was used to populate the object, check to make sure this command returns at least one valid object.
WARNING: [Vivado 12-584] No ports matched 'DDR4_DQ12'. [/home/bscuser/Documents/work/GitLab/git_vivado_kcu105/src/constrs/KCU105_Rev1.0_02292016.xdc:115]
CRITICAL WARNING: [Common 17-55] 'set_property' expects at least one object. [/home/bscuser/Documents/work/GitLab/git_vivado_kcu105/src/constrs/KCU105_Rev1.0_02292016.xdc:115]
Resolution: If [get_<value>] was used to populate the object, check to make sure this command returns at least one valid object.
WARNING: [Vivado 12-584] No ports matched 'DDR4_DQ12'. [/home/bscuser/Documents/work/GitLab/git_vivado_kcu105/src/constrs/KCU105_Rev1.0_02292016.xdc:116]
CRITICAL WARNING: [Common 17-55] 'set_property' expects at least one object. [/home/bscuser/Documents/work/GitLab/git_vivado_kcu105/src/constrs/KCU105_Rev1.0_02292016.xdc:116]
Resolution: If [get_<value>] was used to populate the object, check to make sure this command returns at least one valid object.
WARNING: [Vivado 12-584] No ports matched 'PMOD0_5_LS'. [/home/bscuser/Documents/work/GitLab/git_vivado_kcu105/src/constrs/KCU105_Rev1.0_02292016.xdc:118]
CRITICAL WARNING: [Common 17-55] 'set_property' expects at least one object. [/home/bscuser/Documents/work/GitLab/git_vivado_kcu105/src/constrs/KCU105_Rev1.0_02292016.xdc:118]
Resolution: If [get_<value>] was used to populate the object, check to make sure this command returns at least one valid object.
WARNING: [Vivado 12-584] No ports matched 'PMOD0_5_LS'. [/home/bscuser/Documents/work/GitLab/git_vivado_kcu105/src/constrs/KCU105_Rev1.0_02292016.xdc:119]
CRITICAL WARNING: [Common 17-55] 'set_property' expects at least one object. [/home/bscuser/Documents/work/GitLab/git_vivado_kcu105/src/constrs/KCU105_Rev1.0_02292016.xdc:119]
Resolution: If [get_<value>] was used to populate the object, check to make sure this command returns at least one valid object.
WARNING: [Vivado 12-584] No ports matched 'DDR4_DQ10'. [/home/bscuser/Documents/work/GitLab/git_vivado_kcu105/src/constrs/KCU105_Rev1.0_02292016.xdc:121]
CRITICAL WARNING: [Common 17-55] 'set_property' expects at least one object. [/home/bscuser/Documents/work/GitLab/git_vivado_kcu105/src/constrs/KCU105_Rev1.0_02292016.xdc:121]
Resolution: If [get_<value>] was used to populate the object, check to make sure this command returns at least one valid object.
WARNING: [Vivado 12-584] No ports matched 'DDR4_DQ10'. [/home/bscuser/Documents/work/GitLab/git_vivado_kcu105/src/constrs/KCU105_Rev1.0_02292016.xdc:122]
CRITICAL WARNING: [Common 17-55] 'set_property' expects at least one object. [/home/bscuser/Documents/work/GitLab/git_vivado_kcu105/src/constrs/KCU105_Rev1.0_02292016.xdc:122]
Resolution: If [get_<value>] was used to populate the object, check to make sure this command returns at least one valid object.
WARNING: [Vivado 12-584] No ports matched 'DDR4_DQ8'. [/home/bscuser/Documents/work/GitLab/git_vivado_kcu105/src/constrs/KCU105_Rev1.0_02292016.xdc:124]
CRITICAL WARNING: [Common 17-55] 'set_property' expects at least one object. [/home/bscuser/Documents/work/GitLab/git_vivado_kcu105/src/constrs/KCU105_Rev1.0_02292016.xdc:124]
Resolution: If [get_<value>] was used to populate the object, check to make sure this command returns at least one valid object.
WARNING: [Vivado 12-584] No ports matched 'DDR4_DQ8'. [/home/bscuser/Documents/work/GitLab/git_vivado_kcu105/src/constrs/KCU105_Rev1.0_02292016.xdc:125]
CRITICAL WARNING: [Common 17-55] 'set_property' expects at least one object. [/home/bscuser/Documents/work/GitLab/git_vivado_kcu105/src/constrs/KCU105_Rev1.0_02292016.xdc:125]
Resolution: If [get_<value>] was used to populate the object, check to make sure this command returns at least one valid object.
WARNING: [Vivado 12-584] No ports matched 'DDR4_DQS1_T'. [/home/bscuser/Documents/work/GitLab/git_vivado_kcu105/src/constrs/KCU105_Rev1.0_02292016.xdc:127]
CRITICAL WARNING: [Common 17-55] 'set_property' expects at least one object. [/home/bscuser/Documents/work/GitLab/git_vivado_kcu105/src/constrs/KCU105_Rev1.0_02292016.xdc:127]
Resolution: If [get_<value>] was used to populate the object, check to make sure this command returns at least one valid object.
WARNING: [Vivado 12-584] No ports matched 'DDR4_DQS1_T'. [/home/bscuser/Documents/work/GitLab/git_vivado_kcu105/src/constrs/KCU105_Rev1.0_02292016.xdc:128]
CRITICAL WARNING: [Common 17-55] 'set_property' expects at least one object. [/home/bscuser/Documents/work/GitLab/git_vivado_kcu105/src/constrs/KCU105_Rev1.0_02292016.xdc:128]
Resolution: If [get_<value>] was used to populate the object, check to make sure this command returns at least one valid object.
WARNING: [Vivado 12-584] No ports matched 'DDR4_DQS1_C'. [/home/bscuser/Documents/work/GitLab/git_vivado_kcu105/src/constrs/KCU105_Rev1.0_02292016.xdc:130]
CRITICAL WARNING: [Common 17-55] 'set_property' expects at least one object. [/home/bscuser/Documents/work/GitLab/git_vivado_kcu105/src/constrs/KCU105_Rev1.0_02292016.xdc:130]
Resolution: If [get_<value>] was used to populate the object, check to make sure this command returns at least one valid object.
WARNING: [Vivado 12-584] No ports matched 'DDR4_DQS1_C'. [/home/bscuser/Documents/work/GitLab/git_vivado_kcu105/src/constrs/KCU105_Rev1.0_02292016.xdc:131]
CRITICAL WARNING: [Common 17-55] 'set_property' expects at least one object. [/home/bscuser/Documents/work/GitLab/git_vivado_kcu105/src/constrs/KCU105_Rev1.0_02292016.xdc:131]
Resolution: If [get_<value>] was used to populate the object, check to make sure this command returns at least one valid object.
WARNING: [Vivado 12-584] No ports matched 'DDR4_DQ9'. [/home/bscuser/Documents/work/GitLab/git_vivado_kcu105/src/constrs/KCU105_Rev1.0_02292016.xdc:133]
CRITICAL WARNING: [Common 17-55] 'set_property' expects at least one object. [/home/bscuser/Documents/work/GitLab/git_vivado_kcu105/src/constrs/KCU105_Rev1.0_02292016.xdc:133]
Resolution: If [get_<value>] was used to populate the object, check to make sure this command returns at least one valid object.
WARNING: [Vivado 12-584] No ports matched 'DDR4_DQ9'. [/home/bscuser/Documents/work/GitLab/git_vivado_kcu105/src/constrs/KCU105_Rev1.0_02292016.xdc:134]
CRITICAL WARNING: [Common 17-55] 'set_property' expects at least one object. [/home/bscuser/Documents/work/GitLab/git_vivado_kcu105/src/constrs/KCU105_Rev1.0_02292016.xdc:134]
Resolution: If [get_<value>] was used to populate the object, check to make sure this command returns at least one valid object.
WARNING: [Vivado 12-584] No ports matched 'DDR4_DQ15'. [/home/bscuser/Documents/work/GitLab/git_vivado_kcu105/src/constrs/KCU105_Rev1.0_02292016.xdc:136]
CRITICAL WARNING: [Common 17-55] 'set_property' expects at least one object. [/home/bscuser/Documents/work/GitLab/git_vivado_kcu105/src/constrs/KCU105_Rev1.0_02292016.xdc:136]
Resolution: If [get_<value>] was used to populate the object, check to make sure this command returns at least one valid object.
WARNING: [Vivado 12-584] No ports matched 'DDR4_DQ15'. [/home/bscuser/Documents/work/GitLab/git_vivado_kcu105/src/constrs/KCU105_Rev1.0_02292016.xdc:137]
CRITICAL WARNING: [Common 17-55] 'set_property' expects at least one object. [/home/bscuser/Documents/work/GitLab/git_vivado_kcu105/src/constrs/KCU105_Rev1.0_02292016.xdc:137]
Resolution: If [get_<value>] was used to populate the object, check to make sure this command returns at least one valid object.
WARNING: [Vivado 12-584] No ports matched 'DDR4_DQ11'. [/home/bscuser/Documents/work/GitLab/git_vivado_kcu105/src/constrs/KCU105_Rev1.0_02292016.xdc:139]
CRITICAL WARNING: [Common 17-55] 'set_property' expects at least one object. [/home/bscuser/Documents/work/GitLab/git_vivado_kcu105/src/constrs/KCU105_Rev1.0_02292016.xdc:139]
Resolution: If [get_<value>] was used to populate the object, check to make sure this command returns at least one valid object.
WARNING: [Vivado 12-584] No ports matched 'DDR4_DQ11'. [/home/bscuser/Documents/work/GitLab/git_vivado_kcu105/src/constrs/KCU105_Rev1.0_02292016.xdc:140]
CRITICAL WARNING: [Common 17-55] 'set_property' expects at least one object. [/home/bscuser/Documents/work/GitLab/git_vivado_kcu105/src/constrs/KCU105_Rev1.0_02292016.xdc:140]
Resolution: If [get_<value>] was used to populate the object, check to make sure this command returns at least one valid object.
WARNING: [Vivado 12-584] No ports matched 'DDR4_DQ13'. [/home/bscuser/Documents/work/GitLab/git_vivado_kcu105/src/constrs/KCU105_Rev1.0_02292016.xdc:142]
CRITICAL WARNING: [Common 17-55] 'set_property' expects at least one object. [/home/bscuser/Documents/work/GitLab/git_vivado_kcu105/src/constrs/KCU105_Rev1.0_02292016.xdc:142]
Resolution: If [get_<value>] was used to populate the object, check to make sure this command returns at least one valid object.
WARNING: [Vivado 12-584] No ports matched 'DDR4_DQ13'. [/home/bscuser/Documents/work/GitLab/git_vivado_kcu105/src/constrs/KCU105_Rev1.0_02292016.xdc:143]
CRITICAL WARNING: [Common 17-55] 'set_property' expects at least one object. [/home/bscuser/Documents/work/GitLab/git_vivado_kcu105/src/constrs/KCU105_Rev1.0_02292016.xdc:143]
Resolution: If [get_<value>] was used to populate the object, check to make sure this command returns at least one valid object.
WARNING: [Vivado 12-584] No ports matched 'DDR4_DM1'. [/home/bscuser/Documents/work/GitLab/git_vivado_kcu105/src/constrs/KCU105_Rev1.0_02292016.xdc:145]
CRITICAL WARNING: [Common 17-55] 'set_property' expects at least one object. [/home/bscuser/Documents/work/GitLab/git_vivado_kcu105/src/constrs/KCU105_Rev1.0_02292016.xdc:145]
Resolution: If [get_<value>] was used to populate the object, check to make sure this command returns at least one valid object.
WARNING: [Vivado 12-584] No ports matched 'DDR4_DM1'. [/home/bscuser/Documents/work/GitLab/git_vivado_kcu105/src/constrs/KCU105_Rev1.0_02292016.xdc:146]
CRITICAL WARNING: [Common 17-55] 'set_property' expects at least one object. [/home/bscuser/Documents/work/GitLab/git_vivado_kcu105/src/constrs/KCU105_Rev1.0_02292016.xdc:146]
Resolution: If [get_<value>] was used to populate the object, check to make sure this command returns at least one valid object.
WARNING: [Vivado 12-584] No ports matched 'PMOD0_4_LS'. [/home/bscuser/Documents/work/GitLab/git_vivado_kcu105/src/constrs/KCU105_Rev1.0_02292016.xdc:148]
CRITICAL WARNING: [Common 17-55] 'set_property' expects at least one object. [/home/bscuser/Documents/work/GitLab/git_vivado_kcu105/src/constrs/KCU105_Rev1.0_02292016.xdc:148]
Resolution: If [get_<value>] was used to populate the object, check to make sure this command returns at least one valid object.
WARNING: [Vivado 12-584] No ports matched 'PMOD0_4_LS'. [/home/bscuser/Documents/work/GitLab/git_vivado_kcu105/src/constrs/KCU105_Rev1.0_02292016.xdc:149]
CRITICAL WARNING: [Common 17-55] 'set_property' expects at least one object. [/home/bscuser/Documents/work/GitLab/git_vivado_kcu105/src/constrs/KCU105_Rev1.0_02292016.xdc:149]
Resolution: If [get_<value>] was used to populate the object, check to make sure this command returns at least one valid object.
WARNING: [Vivado 12-584] No ports matched 'DDR4_DQ2'. [/home/bscuser/Documents/work/GitLab/git_vivado_kcu105/src/constrs/KCU105_Rev1.0_02292016.xdc:151]
CRITICAL WARNING: [Common 17-55] 'set_property' expects at least one object. [/home/bscuser/Documents/work/GitLab/git_vivado_kcu105/src/constrs/KCU105_Rev1.0_02292016.xdc:151]
Resolution: If [get_<value>] was used to populate the object, check to make sure this command returns at least one valid object.
WARNING: [Vivado 12-584] No ports matched 'DDR4_DQ2'. [/home/bscuser/Documents/work/GitLab/git_vivado_kcu105/src/constrs/KCU105_Rev1.0_02292016.xdc:152]
CRITICAL WARNING: [Common 17-55] 'set_property' expects at least one object. [/home/bscuser/Documents/work/GitLab/git_vivado_kcu105/src/constrs/KCU105_Rev1.0_02292016.xdc:152]
Resolution: If [get_<value>] was used to populate the object, check to make sure this command returns at least one valid object.
WARNING: [Vivado 12-584] No ports matched 'DDR4_DQ6'. [/home/bscuser/Documents/work/GitLab/git_vivado_kcu105/src/constrs/KCU105_Rev1.0_02292016.xdc:154]
CRITICAL WARNING: [Common 17-55] 'set_property' expects at least one object. [/home/bscuser/Documents/work/GitLab/git_vivado_kcu105/src/constrs/KCU105_Rev1.0_02292016.xdc:154]
Resolution: If [get_<value>] was used to populate the object, check to make sure this command returns at least one valid object.
WARNING: [Vivado 12-584] No ports matched 'DDR4_DQ6'. [/home/bscuser/Documents/work/GitLab/git_vivado_kcu105/src/constrs/KCU105_Rev1.0_02292016.xdc:155]
CRITICAL WARNING: [Common 17-55] 'set_property' expects at least one object. [/home/bscuser/Documents/work/GitLab/git_vivado_kcu105/src/constrs/KCU105_Rev1.0_02292016.xdc:155]
Resolution: If [get_<value>] was used to populate the object, check to make sure this command returns at least one valid object.
WARNING: [Vivado 12-584] No ports matched 'DDR4_DQ4'. [/home/bscuser/Documents/work/GitLab/git_vivado_kcu105/src/constrs/KCU105_Rev1.0_02292016.xdc:157]
CRITICAL WARNING: [Common 17-55] 'set_property' expects at least one object. [/home/bscuser/Documents/work/GitLab/git_vivado_kcu105/src/constrs/KCU105_Rev1.0_02292016.xdc:157]
Resolution: If [get_<value>] was used to populate the object, check to make sure this command returns at least one valid object.
WARNING: [Vivado 12-584] No ports matched 'DDR4_DQ4'. [/home/bscuser/Documents/work/GitLab/git_vivado_kcu105/src/constrs/KCU105_Rev1.0_02292016.xdc:158]
CRITICAL WARNING: [Common 17-55] 'set_property' expects at least one object. [/home/bscuser/Documents/work/GitLab/git_vivado_kcu105/src/constrs/KCU105_Rev1.0_02292016.xdc:158]
Resolution: If [get_<value>] was used to populate the object, check to make sure this command returns at least one valid object.
WARNING: [Vivado 12-584] No ports matched 'DDR4_DQ0'. [/home/bscuser/Documents/work/GitLab/git_vivado_kcu105/src/constrs/KCU105_Rev1.0_02292016.xdc:160]
CRITICAL WARNING: [Common 17-55] 'set_property' expects at least one object. [/home/bscuser/Documents/work/GitLab/git_vivado_kcu105/src/constrs/KCU105_Rev1.0_02292016.xdc:160]
Resolution: If [get_<value>] was used to populate the object, check to make sure this command returns at least one valid object.
WARNING: [Vivado 12-584] No ports matched 'DDR4_DQ0'. [/home/bscuser/Documents/work/GitLab/git_vivado_kcu105/src/constrs/KCU105_Rev1.0_02292016.xdc:161]
CRITICAL WARNING: [Common 17-55] 'set_property' expects at least one object. [/home/bscuser/Documents/work/GitLab/git_vivado_kcu105/src/constrs/KCU105_Rev1.0_02292016.xdc:161]
Resolution: If [get_<value>] was used to populate the object, check to make sure this command returns at least one valid object.
WARNING: [Vivado 12-584] No ports matched 'DDR4_DQS0_T'. [/home/bscuser/Documents/work/GitLab/git_vivado_kcu105/src/constrs/KCU105_Rev1.0_02292016.xdc:163]
CRITICAL WARNING: [Common 17-55] 'set_property' expects at least one object. [/home/bscuser/Documents/work/GitLab/git_vivado_kcu105/src/constrs/KCU105_Rev1.0_02292016.xdc:163]
Resolution: If [get_<value>] was used to populate the object, check to make sure this command returns at least one valid object.
WARNING: [Vivado 12-584] No ports matched 'DDR4_DQS0_T'. [/home/bscuser/Documents/work/GitLab/git_vivado_kcu105/src/constrs/KCU105_Rev1.0_02292016.xdc:164]
CRITICAL WARNING: [Common 17-55] 'set_property' expects at least one object. [/home/bscuser/Documents/work/GitLab/git_vivado_kcu105/src/constrs/KCU105_Rev1.0_02292016.xdc:164]
Resolution: If [get_<value>] was used to populate the object, check to make sure this command returns at least one valid object.
WARNING: [Vivado 12-584] No ports matched 'DDR4_DQS0_C'. [/home/bscuser/Documents/work/GitLab/git_vivado_kcu105/src/constrs/KCU105_Rev1.0_02292016.xdc:166]
CRITICAL WARNING: [Common 17-55] 'set_property' expects at least one object. [/home/bscuser/Documents/work/GitLab/git_vivado_kcu105/src/constrs/KCU105_Rev1.0_02292016.xdc:166]
Resolution: If [get_<value>] was used to populate the object, check to make sure this command returns at least one valid object.
WARNING: [Vivado 12-584] No ports matched 'DDR4_DQS0_C'. [/home/bscuser/Documents/work/GitLab/git_vivado_kcu105/src/constrs/KCU105_Rev1.0_02292016.xdc:167]
CRITICAL WARNING: [Common 17-55] 'set_property' expects at least one object. [/home/bscuser/Documents/work/GitLab/git_vivado_kcu105/src/constrs/KCU105_Rev1.0_02292016.xdc:167]
Resolution: If [get_<value>] was used to populate the object, check to make sure this command returns at least one valid object.
WARNING: [Vivado 12-584] No ports matched 'DDR4_DQ5'. [/home/bscuser/Documents/work/GitLab/git_vivado_kcu105/src/constrs/KCU105_Rev1.0_02292016.xdc:169]
CRITICAL WARNING: [Common 17-55] 'set_property' expects at least one object. [/home/bscuser/Documents/work/GitLab/git_vivado_kcu105/src/constrs/KCU105_Rev1.0_02292016.xdc:169]
Resolution: If [get_<value>] was used to populate the object, check to make sure this command returns at least one valid object.
WARNING: [Vivado 12-584] No ports matched 'DDR4_DQ5'. [/home/bscuser/Documents/work/GitLab/git_vivado_kcu105/src/constrs/KCU105_Rev1.0_02292016.xdc:170]
CRITICAL WARNING: [Common 17-55] 'set_property' expects at least one object. [/home/bscuser/Documents/work/GitLab/git_vivado_kcu105/src/constrs/KCU105_Rev1.0_02292016.xdc:170]
Resolution: If [get_<value>] was used to populate the object, check to make sure this command returns at least one valid object.
WARNING: [Vivado 12-584] No ports matched 'DDR4_DQ7'. [/home/bscuser/Documents/work/GitLab/git_vivado_kcu105/src/constrs/KCU105_Rev1.0_02292016.xdc:172]
CRITICAL WARNING: [Common 17-55] 'set_property' expects at least one object. [/home/bscuser/Documents/work/GitLab/git_vivado_kcu105/src/constrs/KCU105_Rev1.0_02292016.xdc:172]
Resolution: If [get_<value>] was used to populate the object, check to make sure this command returns at least one valid object.
WARNING: [Vivado 12-584] No ports matched 'DDR4_DQ7'. [/home/bscuser/Documents/work/GitLab/git_vivado_kcu105/src/constrs/KCU105_Rev1.0_02292016.xdc:173]
CRITICAL WARNING: [Common 17-55] 'set_property' expects at least one object. [/home/bscuser/Documents/work/GitLab/git_vivado_kcu105/src/constrs/KCU105_Rev1.0_02292016.xdc:173]
Resolution: If [get_<value>] was used to populate the object, check to make sure this command returns at least one valid object.
WARNING: [Vivado 12-584] No ports matched 'DDR4_DQ3'. [/home/bscuser/Documents/work/GitLab/git_vivado_kcu105/src/constrs/KCU105_Rev1.0_02292016.xdc:175]
CRITICAL WARNING: [Common 17-55] 'set_property' expects at least one object. [/home/bscuser/Documents/work/GitLab/git_vivado_kcu105/src/constrs/KCU105_Rev1.0_02292016.xdc:175]
Resolution: If [get_<value>] was used to populate the object, check to make sure this command returns at least one valid object.
WARNING: [Vivado 12-584] No ports matched 'DDR4_DQ3'. [/home/bscuser/Documents/work/GitLab/git_vivado_kcu105/src/constrs/KCU105_Rev1.0_02292016.xdc:176]
CRITICAL WARNING: [Common 17-55] 'set_property' expects at least one object. [/home/bscuser/Documents/work/GitLab/git_vivado_kcu105/src/constrs/KCU105_Rev1.0_02292016.xdc:176]
Resolution: If [get_<value>] was used to populate the object, check to make sure this command returns at least one valid object.
WARNING: [Vivado 12-584] No ports matched 'DDR4_DQ1'. [/home/bscuser/Documents/work/GitLab/git_vivado_kcu105/src/constrs/KCU105_Rev1.0_02292016.xdc:178]
CRITICAL WARNING: [Common 17-55] 'set_property' expects at least one object. [/home/bscuser/Documents/work/GitLab/git_vivado_kcu105/src/constrs/KCU105_Rev1.0_02292016.xdc:178]
Resolution: If [get_<value>] was used to populate the object, check to make sure this command returns at least one valid object.
WARNING: [Vivado 12-584] No ports matched 'DDR4_DQ1'. [/home/bscuser/Documents/work/GitLab/git_vivado_kcu105/src/constrs/KCU105_Rev1.0_02292016.xdc:179]
CRITICAL WARNING: [Common 17-55] 'set_property' expects at least one object. [/home/bscuser/Documents/work/GitLab/git_vivado_kcu105/src/constrs/KCU105_Rev1.0_02292016.xdc:179]
Resolution: If [get_<value>] was used to populate the object, check to make sure this command returns at least one valid object.
WARNING: [Vivado 12-584] No ports matched 'VRP_44'. [/home/bscuser/Documents/work/GitLab/git_vivado_kcu105/src/constrs/KCU105_Rev1.0_02292016.xdc:181]
CRITICAL WARNING: [Common 17-55] 'set_property' expects at least one object. [/home/bscuser/Documents/work/GitLab/git_vivado_kcu105/src/constrs/KCU105_Rev1.0_02292016.xdc:181]
Resolution: If [get_<value>] was used to populate the object, check to make sure this command returns at least one valid object.
WARNING: [Vivado 12-584] No ports matched 'VRP_44'. [/home/bscuser/Documents/work/GitLab/git_vivado_kcu105/src/constrs/KCU105_Rev1.0_02292016.xdc:182]
INFO: [Common 17-14] Message 'Vivado 12-584' appears 100 times and further instances of the messages will be disabled. Use the Tcl command set_msg_config to change the current settings. [/home/bscuser/Documents/work/GitLab/git_vivado_kcu105/src/constrs/KCU105_Rev1.0_02292016.xdc:182]
CRITICAL WARNING: [Common 17-55] 'set_property' expects at least one object. [/home/bscuser/Documents/work/GitLab/git_vivado_kcu105/src/constrs/KCU105_Rev1.0_02292016.xdc:182]
Resolution: If [get_<value>] was used to populate the object, check to make sure this command returns at least one valid object.
Finished Parsing XDC File [/home/bscuser/Documents/work/GitLab/git_vivado_kcu105/src/constrs/KCU105_Rev1.0_02292016.xdc]
INFO: [Project 1-236] Implementation specific constraints were found while reading constraint file [/home/bscuser/Documents/work/GitLab/git_vivado_kcu105/src/constrs/KCU105_Rev1.0_02292016.xdc]. These constraints will be ignored for synthesis but will be used in implementation. Impacted constraints are listed in the file [.Xil/top_propImpl.xdc].
Resolution: To avoid this warning, move constraints listed in [.Xil/top_propImpl.xdc] to another XDC file and exclude this new file from synthesis with the used_in_synthesis property (File Properties dialog in GUI) and re-run elaboration/synthesis.
Completed Processing XDC Constraints

Netlist sorting complete. Time (s): cpu = 00:00:00 ; elapsed = 00:00:00 . Memory (MB): peak = 2435.062 ; gain = 0.000 ; free physical = 946 ; free virtual = 11001
INFO: [Project 1-111] Unisim Transformation Summary:
  A total of 2 instances were transformed.
  BUFG => BUFGCE: 1 instance 
  IBUFDS => IBUFDS (DIFFINBUF, IBUFCTRL): 1 instance 

Constraint Validation Runtime : Time (s): cpu = 00:00:00 ; elapsed = 00:00:00.01 . Memory (MB): peak = 2435.062 ; gain = 0.000 ; free physical = 946 ; free virtual = 11001
---------------------------------------------------------------------------------
Finished Constraint Validation : Time (s): cpu = 00:00:11 ; elapsed = 00:00:15 . Memory (MB): peak = 2435.062 ; gain = 407.152 ; free physical = 779 ; free virtual = 10888
---------------------------------------------------------------------------------
---------------------------------------------------------------------------------
Start Loading Part and Timing Information
---------------------------------------------------------------------------------
Loading part: xcku040-ffva1156-2-e
INFO: [Synth 8-6742] Reading net delay rules and data
---------------------------------------------------------------------------------
Finished Loading Part and Timing Information : Time (s): cpu = 00:00:11 ; elapsed = 00:00:15 . Memory (MB): peak = 2435.062 ; gain = 407.152 ; free physical = 782 ; free virtual = 10891
---------------------------------------------------------------------------------
---------------------------------------------------------------------------------
Start Applying 'set_property' XDC Constraints
---------------------------------------------------------------------------------
---------------------------------------------------------------------------------
Finished applying 'set_property' XDC Constraints : Time (s): cpu = 00:00:11 ; elapsed = 00:00:15 . Memory (MB): peak = 2435.062 ; gain = 407.152 ; free physical = 773 ; free virtual = 10890
---------------------------------------------------------------------------------
---------------------------------------------------------------------------------
Finished RTL Optimization Phase 2 : Time (s): cpu = 00:00:12 ; elapsed = 00:00:15 . Memory (MB): peak = 2435.062 ; gain = 407.152 ; free physical = 767 ; free virtual = 10891
---------------------------------------------------------------------------------

Report RTL Partitions: 
+-+--------------+------------+----------+
| |RTL Partition |Replication |Instances |
+-+--------------+------------+----------+
+-+--------------+------------+----------+
---------------------------------------------------------------------------------
Start RTL Component Statistics 
---------------------------------------------------------------------------------
Detailed RTL Component Info : 
+---Adders : 
	   2 Input     32 Bit       Adders := 1     
+---Registers : 
	               32 Bit    Registers := 1     
	                8 Bit    Registers := 1     
+---Muxes : 
	   2 Input     32 Bit        Muxes := 1     
	   2 Input      8 Bit        Muxes := 1     
---------------------------------------------------------------------------------
Finished RTL Component Statistics 
---------------------------------------------------------------------------------
---------------------------------------------------------------------------------
Start RTL Hierarchical Component Statistics 
---------------------------------------------------------------------------------
Hierarchical RTL Component report 
Module Led_Water 
Detailed RTL Component Info : 
+---Adders : 
	   2 Input     32 Bit       Adders := 1     
+---Registers : 
	               32 Bit    Registers := 1     
	                8 Bit    Registers := 1     
+---Muxes : 
	   2 Input     32 Bit        Muxes := 1     
	   2 Input      8 Bit        Muxes := 1     
---------------------------------------------------------------------------------
Finished RTL Hierarchical Component Statistics
---------------------------------------------------------------------------------
---------------------------------------------------------------------------------
Start Part Resource Summary
---------------------------------------------------------------------------------
Part Resources:
DSPs: 1920 (col length:120)
BRAMs: 1200 (col length: RAMB18 120 RAMB36 60)
---------------------------------------------------------------------------------
Finished Part Resource Summary
---------------------------------------------------------------------------------
---------------------------------------------------------------------------------
Start Cross Boundary and Area Optimization
---------------------------------------------------------------------------------
Warning: Parallel synthesis criteria is not met 
---------------------------------------------------------------------------------
Finished Cross Boundary and Area Optimization : Time (s): cpu = 00:00:13 ; elapsed = 00:00:16 . Memory (MB): peak = 2435.062 ; gain = 407.152 ; free physical = 765 ; free virtual = 10879
---------------------------------------------------------------------------------

Report RTL Partitions: 
+-+--------------+------------+----------+
| |RTL Partition |Replication |Instances |
+-+--------------+------------+----------+
+-+--------------+------------+----------+
---------------------------------------------------------------------------------
Start Applying XDC Timing Constraints
---------------------------------------------------------------------------------
---------------------------------------------------------------------------------
Finished Applying XDC Timing Constraints : Time (s): cpu = 00:00:27 ; elapsed = 00:00:41 . Memory (MB): peak = 2477.672 ; gain = 449.762 ; free physical = 609 ; free virtual = 10681
---------------------------------------------------------------------------------
---------------------------------------------------------------------------------
Start Timing Optimization
---------------------------------------------------------------------------------
---------------------------------------------------------------------------------
Finished Timing Optimization : Time (s): cpu = 00:00:27 ; elapsed = 00:00:41 . Memory (MB): peak = 2477.672 ; gain = 449.762 ; free physical = 604 ; free virtual = 10681
---------------------------------------------------------------------------------

Report RTL Partitions: 
+-+--------------+------------+----------+
| |RTL Partition |Replication |Instances |
+-+--------------+------------+----------+
+-+--------------+------------+----------+
---------------------------------------------------------------------------------
Start Technology Mapping
---------------------------------------------------------------------------------
---------------------------------------------------------------------------------
Finished Technology Mapping : Time (s): cpu = 00:00:27 ; elapsed = 00:00:41 . Memory (MB): peak = 2496.703 ; gain = 468.793 ; free physical = 592 ; free virtual = 10680
---------------------------------------------------------------------------------

Report RTL Partitions: 
+-+--------------+------------+----------+
| |RTL Partition |Replication |Instances |
+-+--------------+------------+----------+
+-+--------------+------------+----------+
---------------------------------------------------------------------------------
Start IO Insertion
---------------------------------------------------------------------------------
---------------------------------------------------------------------------------
Start Flattening Before IO Insertion
---------------------------------------------------------------------------------
---------------------------------------------------------------------------------
Finished Flattening Before IO Insertion
---------------------------------------------------------------------------------
---------------------------------------------------------------------------------
Start Final Netlist Cleanup
---------------------------------------------------------------------------------
---------------------------------------------------------------------------------
Finished Final Netlist Cleanup
---------------------------------------------------------------------------------
---------------------------------------------------------------------------------
Finished IO Insertion : Time (s): cpu = 00:00:30 ; elapsed = 00:00:44 . Memory (MB): peak = 2502.641 ; gain = 474.730 ; free physical = 600 ; free virtual = 10680
---------------------------------------------------------------------------------
---------------------------------------------------------------------------------
Start Renaming Generated Instances
---------------------------------------------------------------------------------
---------------------------------------------------------------------------------
Finished Renaming Generated Instances : Time (s): cpu = 00:00:30 ; elapsed = 00:00:44 . Memory (MB): peak = 2502.641 ; gain = 474.730 ; free physical = 600 ; free virtual = 10680
---------------------------------------------------------------------------------

Report RTL Partitions: 
+-+--------------+------------+----------+
| |RTL Partition |Replication |Instances |
+-+--------------+------------+----------+
+-+--------------+------------+----------+

Report Check Netlist: 
+------+------------------+-------+---------+-------+------------------+
|      |Item              |Errors |Warnings |Status |Description       |
+------+------------------+-------+---------+-------+------------------+
|1     |multi_driven_nets |      0|        0|Passed |Multi driven nets |
+------+------------------+-------+---------+-------+------------------+
---------------------------------------------------------------------------------
Start Rebuilding User Hierarchy
---------------------------------------------------------------------------------
---------------------------------------------------------------------------------
Finished Rebuilding User Hierarchy : Time (s): cpu = 00:00:30 ; elapsed = 00:00:44 . Memory (MB): peak = 2502.641 ; gain = 474.730 ; free physical = 600 ; free virtual = 10680
---------------------------------------------------------------------------------
---------------------------------------------------------------------------------
Start Renaming Generated Ports
---------------------------------------------------------------------------------
---------------------------------------------------------------------------------
Finished Renaming Generated Ports : Time (s): cpu = 00:00:30 ; elapsed = 00:00:44 . Memory (MB): peak = 2502.641 ; gain = 474.730 ; free physical = 600 ; free virtual = 10680
---------------------------------------------------------------------------------
---------------------------------------------------------------------------------
Start Handling Custom Attributes
---------------------------------------------------------------------------------
---------------------------------------------------------------------------------
Finished Handling Custom Attributes : Time (s): cpu = 00:00:30 ; elapsed = 00:00:44 . Memory (MB): peak = 2502.641 ; gain = 474.730 ; free physical = 600 ; free virtual = 10680
---------------------------------------------------------------------------------
---------------------------------------------------------------------------------
Start Renaming Generated Nets
---------------------------------------------------------------------------------
---------------------------------------------------------------------------------
Finished Renaming Generated Nets : Time (s): cpu = 00:00:30 ; elapsed = 00:00:44 . Memory (MB): peak = 2502.641 ; gain = 474.730 ; free physical = 600 ; free virtual = 10680
---------------------------------------------------------------------------------
---------------------------------------------------------------------------------
Start Writing Synthesis Report
---------------------------------------------------------------------------------

Report BlackBoxes: 
+-+--------------+----------+
| |BlackBox name |Instances |
+-+--------------+----------+
+-+--------------+----------+

Report Cell Usage: 
+------+-------+------+
|      |Cell   |Count |
+------+-------+------+
|1     |BUFG   |     1|
|2     |CARRY8 |     4|
|3     |LUT4   |     7|
|4     |LUT5   |     3|
|5     |LUT6   |     2|
|6     |FDRE   |    40|
|7     |IBUFDS |     1|
|8     |OBUF   |     8|
+------+-------+------+

Report Instance Areas: 
+------+-----------------+----------+------+
|      |Instance         |Module    |Cells |
+------+-----------------+----------+------+
|1     |top              |          |    66|
|2     |  inst_Led_Water |Led_Water |    56|
+------+-----------------+----------+------+
---------------------------------------------------------------------------------
Finished Writing Synthesis Report : Time (s): cpu = 00:00:30 ; elapsed = 00:00:44 . Memory (MB): peak = 2502.641 ; gain = 474.730 ; free physical = 600 ; free virtual = 10680
---------------------------------------------------------------------------------
Synthesis finished with 0 errors, 0 critical warnings and 0 warnings.
Synthesis Optimization Runtime : Time (s): cpu = 00:00:28 ; elapsed = 00:00:43 . Memory (MB): peak = 2502.641 ; gain = 330.980 ; free physical = 614 ; free virtual = 10702
Synthesis Optimization Complete : Time (s): cpu = 00:00:30 ; elapsed = 00:00:44 . Memory (MB): peak = 2502.648 ; gain = 474.730 ; free physical = 614 ; free virtual = 10702
INFO: [Project 1-571] Translating synthesized netlist
Netlist sorting complete. Time (s): cpu = 00:00:00 ; elapsed = 00:00:00 . Memory (MB): peak = 2502.648 ; gain = 0.000 ; free physical = 599 ; free virtual = 10694
INFO: [Netlist 29-17] Analyzing 6 Unisim elements for replacement
INFO: [Netlist 29-28] Unisim Transformation completed in 0 CPU seconds
INFO: [Project 1-570] Preparing netlist for logic optimization
Parsing XDC File [/home/bscuser/Documents/work/GitLab/git_vivado_kcu105/src/constrs/KCU105_Rev1.0_02292016.xdc]
Finished Parsing XDC File [/home/bscuser/Documents/work/GitLab/git_vivado_kcu105/src/constrs/KCU105_Rev1.0_02292016.xdc]
INFO: [Opt 31-138] Pushed 0 inverter(s) to 0 load pin(s).
Netlist sorting complete. Time (s): cpu = 00:00:00 ; elapsed = 00:00:00 . Memory (MB): peak = 2530.391 ; gain = 0.000 ; free physical = 627 ; free virtual = 10721
INFO: [Project 1-111] Unisim Transformation Summary:
  A total of 2 instances were transformed.
  BUFG => BUFGCE: 1 instance 
  IBUFDS => IBUFDS (DIFFINBUF, IBUFCTRL): 1 instance 

INFO: [Common 17-83] Releasing license: Synthesis
24 Infos, 100 Warnings, 100 Critical Warnings and 0 Errors encountered.
synth_design completed successfully
synth_design: Time (s): cpu = 00:00:40 ; elapsed = 00:00:59 . Memory (MB): peak = 2530.391 ; gain = 1019.160 ; free physical = 759 ; free virtual = 10852
Netlist sorting complete. Time (s): cpu = 00:00:00 ; elapsed = 00:00:00 . Memory (MB): peak = 2530.391 ; gain = 0.000 ; free physical = 759 ; free virtual = 10852
INFO: [Timing 38-480] Writing timing data to binary archive.
Writing placer database...
Writing XDEF routing.
Writing XDEF routing logical nets.
Writing XDEF routing special nets.
Write XDEF Complete: Time (s): cpu = 00:00:00.08 ; elapsed = 00:00:00.07 . Memory (MB): peak = 2544.332 ; gain = 5.938 ; free physical = 758 ; free virtual = 10854
INFO: [Common 17-1381] The checkpoint '/home/bscuser/Documents/work/GitLab/git_vivado_kcu105/run/top_syn.dcp' has been generated.
INFO: [Chipscope 16-244] No debug cores were found in this design.
Command: opt_design
Attempting to get a license for feature 'Implementation' and/or device 'xcku040'
INFO: [Common 17-349] Got license for feature 'Implementation' and/or device 'xcku040'
Running DRC as a precondition to command opt_design

Starting DRC Task
INFO: [DRC 23-27] Running DRC with 8 threads
INFO: [Project 1-461] DRC finished with 0 Errors
INFO: [Project 1-462] Please refer to the DRC report (report_drc) for more information.

Time (s): cpu = 00:00:02 ; elapsed = 00:00:02 . Memory (MB): peak = 2623.848 ; gain = 79.512 ; free physical = 729 ; free virtual = 10840

Starting Cache Timing Information Task
INFO: [Timing 38-35] Done setting XDC timing constraints.
Ending Cache Timing Information Task | Checksum: 118e4f7e0

Time (s): cpu = 00:00:00.56 ; elapsed = 00:00:00.94 . Memory (MB): peak = 2623.848 ; gain = 0.000 ; free physical = 711 ; free virtual = 10819

Starting Logic Optimization Task

Phase 1 Retarget
INFO: [Opt 31-138] Pushed 0 inverter(s) to 0 load pin(s).
INFO: [Opt 31-49] Retargeted 0 cell(s).
Phase 1 Retarget | Checksum: deab1c4a

Time (s): cpu = 00:00:00.01 ; elapsed = 00:00:00.01 . Memory (MB): peak = 2662.848 ; gain = 0.000 ; free physical = 589 ; free virtual = 10691
INFO: [Opt 31-389] Phase Retarget created 0 cells and removed 0 cells

Phase 2 Constant propagation
INFO: [Opt 31-138] Pushed 0 inverter(s) to 0 load pin(s).
Phase 2 Constant propagation | Checksum: deab1c4a

Time (s): cpu = 00:00:00.01 ; elapsed = 00:00:00.01 . Memory (MB): peak = 2662.848 ; gain = 0.000 ; free physical = 589 ; free virtual = 10691
INFO: [Opt 31-389] Phase Constant propagation created 0 cells and removed 0 cells

Phase 3 Sweep
Phase 3 Sweep | Checksum: 1c346aaea

Time (s): cpu = 00:00:00.01 ; elapsed = 00:00:00.01 . Memory (MB): peak = 2662.848 ; gain = 0.000 ; free physical = 589 ; free virtual = 10691
INFO: [Opt 31-389] Phase Sweep created 4 cells and removed 0 cells

Phase 4 BUFG optimization
INFO: [Opt 31-1077] Phase BUFG optimization inserted 0 global clock buffer(s) for CLOCK_LOW_FANOUT.
INFO: [Opt 31-1112] Starts optimizing BUFG(s) with a common MMCM/DPLL/XPLL driver.
INFO: [Opt 31-1112] Starts optimizing BUFG(s) with a common driver.
INFO: [Opt 31-1092] Phase BUFG optimization transformed 0 BUFG(s) to MBUFG(s).
Phase 4 BUFG optimization | Checksum: 1c346aaea

Time (s): cpu = 00:00:00.01 ; elapsed = 00:00:00.02 . Memory (MB): peak = 2662.848 ; gain = 0.000 ; free physical = 605 ; free virtual = 10691
INFO: [Opt 31-662] Phase BUFG optimization created 0 cells of which 0 are BUFGs and removed 0 cells.

Phase 5 Shift Register Optimization
INFO: [Opt 31-1064] SRL Remap converted 0 SRLs to 0 registers and converted 0 registers of register chains to 0 SRLs
Phase 5 Shift Register Optimization | Checksum: 1c346aaea

Time (s): cpu = 00:00:00.01 ; elapsed = 00:00:00.02 . Memory (MB): peak = 2662.848 ; gain = 0.000 ; free physical = 605 ; free virtual = 10691
INFO: [Opt 31-389] Phase Shift Register Optimization created 0 cells and removed 0 cells

Phase 6 Post Processing Netlist
Phase 6 Post Processing Netlist | Checksum: fc8a17be

Time (s): cpu = 00:00:00.01 ; elapsed = 00:00:00.02 . Memory (MB): peak = 2662.848 ; gain = 0.000 ; free physical = 605 ; free virtual = 10691
INFO: [Opt 31-389] Phase Post Processing Netlist created 0 cells and removed 0 cells
Opt_design Change Summary
=========================


-------------------------------------------------------------------------------------------------------------------------
|  Phase                        |  #Cells created  |  #Cells Removed  |  #Constrained objects preventing optimizations  |
-------------------------------------------------------------------------------------------------------------------------
|  Retarget                     |               0  |               0  |                                              0  |
|  Constant propagation         |               0  |               0  |                                              0  |
|  Sweep                        |               4  |               0  |                                              0  |
|  BUFG optimization            |               0  |               0  |                                              0  |
|  Shift Register Optimization  |               0  |               0  |                                              0  |
|  Post Processing Netlist      |               0  |               0  |                                              0  |
-------------------------------------------------------------------------------------------------------------------------



Starting Connectivity Check Task

Time (s): cpu = 00:00:00 ; elapsed = 00:00:00 . Memory (MB): peak = 2662.848 ; gain = 0.000 ; free physical = 605 ; free virtual = 10691
Ending Logic Optimization Task | Checksum: 1abc4dac6

Time (s): cpu = 00:00:00.02 ; elapsed = 00:00:00.03 . Memory (MB): peak = 2662.848 ; gain = 0.000 ; free physical = 605 ; free virtual = 10691

Starting Power Optimization Task
INFO: [Pwropt 34-132] Skipping clock gating for clocks with a period < 2.00 ns.
Ending Power Optimization Task | Checksum: 1abc4dac6

Time (s): cpu = 00:00:00.01 ; elapsed = 00:00:00.02 . Memory (MB): peak = 2662.848 ; gain = 0.000 ; free physical = 598 ; free virtual = 10692

Starting Final Cleanup Task
Ending Final Cleanup Task | Checksum: 1abc4dac6

Time (s): cpu = 00:00:00 ; elapsed = 00:00:00 . Memory (MB): peak = 2662.848 ; gain = 0.000 ; free physical = 598 ; free virtual = 10692

Starting Netlist Obfuscation Task
Netlist sorting complete. Time (s): cpu = 00:00:00 ; elapsed = 00:00:00 . Memory (MB): peak = 2662.848 ; gain = 0.000 ; free physical = 598 ; free virtual = 10692
Ending Netlist Obfuscation Task | Checksum: 1abc4dac6

Time (s): cpu = 00:00:00 ; elapsed = 00:00:00 . Memory (MB): peak = 2662.848 ; gain = 0.000 ; free physical = 598 ; free virtual = 10692
INFO: [Common 17-83] Releasing license: Implementation
48 Infos, 100 Warnings, 100 Critical Warnings and 0 Errors encountered.
opt_design completed successfully
opt_design: Time (s): cpu = 00:00:05 ; elapsed = 00:00:05 . Memory (MB): peak = 2662.848 ; gain = 118.516 ; free physical = 590 ; free virtual = 10692
Command: place_design
Attempting to get a license for feature 'Implementation' and/or device 'xcku040'
INFO: [Common 17-349] Got license for feature 'Implementation' and/or device 'xcku040'
INFO: [DRC 23-27] Running DRC with 8 threads
INFO: [Vivado_Tcl 4-198] DRC finished with 0 Errors
INFO: [Vivado_Tcl 4-199] Please refer to the DRC report (report_drc) for more information.
Running DRC as a precondition to command place_design
INFO: [DRC 23-27] Running DRC with 8 threads
INFO: [Vivado_Tcl 4-198] DRC finished with 0 Errors
INFO: [Vivado_Tcl 4-199] Please refer to the DRC report (report_drc) for more information.

Starting Placer Task
INFO: [Place 30-611] Multithreading enabled for place_design using a maximum of 8 CPUs

Phase 1 Placer Initialization

Phase 1.1 Placer Initialization Netlist Sorting
Netlist sorting complete. Time (s): cpu = 00:00:00 ; elapsed = 00:00:00 . Memory (MB): peak = 2784.316 ; gain = 0.000 ; free physical = 596 ; free virtual = 10682
Phase 1.1 Placer Initialization Netlist Sorting | Checksum: dd30a0d6

Time (s): cpu = 00:00:00.01 ; elapsed = 00:00:00.03 . Memory (MB): peak = 2784.316 ; gain = 0.000 ; free physical = 596 ; free virtual = 10682
Netlist sorting complete. Time (s): cpu = 00:00:00 ; elapsed = 00:00:00 . Memory (MB): peak = 2784.316 ; gain = 0.000 ; free physical = 596 ; free virtual = 10682

Phase 1.2 IO Placement/ Clock Placement/ Build Placer Device
INFO: [Timing 38-35] Done setting XDC timing constraints.
Phase 1.2 IO Placement/ Clock Placement/ Build Placer Device | Checksum: 1ac69c2a6

Time (s): cpu = 00:00:00.71 ; elapsed = 00:00:00.31 . Memory (MB): peak = 2808.328 ; gain = 24.012 ; free physical = 587 ; free virtual = 10677

Phase 1.3 Build Placer Netlist Model
Phase 1.3 Build Placer Netlist Model | Checksum: 21307f8f2

Time (s): cpu = 00:00:02 ; elapsed = 00:00:02 . Memory (MB): peak = 2808.328 ; gain = 24.012 ; free physical = 585 ; free virtual = 10674

Phase 1.4 Constrain Clocks/Macros
Phase 1.4 Constrain Clocks/Macros | Checksum: 21307f8f2

Time (s): cpu = 00:00:02 ; elapsed = 00:00:02 . Memory (MB): peak = 2808.328 ; gain = 24.012 ; free physical = 585 ; free virtual = 10674
Phase 1 Placer Initialization | Checksum: 21307f8f2

Time (s): cpu = 00:00:02 ; elapsed = 00:00:02 . Memory (MB): peak = 2808.328 ; gain = 24.012 ; free physical = 583 ; free virtual = 10672

Phase 2 Global Placement

Phase 2.1 Floorplanning
Phase 2.1 Floorplanning | Checksum: 21307f8f2

Time (s): cpu = 00:00:02 ; elapsed = 00:00:02 . Memory (MB): peak = 2808.328 ; gain = 24.012 ; free physical = 580 ; free virtual = 10668

Phase 2.2 Global Placement Core
WARNING: [Place 46-29] place_design is not in timing mode. Skip physical synthesis in placer
Phase 2.2 Global Placement Core | Checksum: 1e6d780ed

Time (s): cpu = 00:00:05 ; elapsed = 00:00:02 . Memory (MB): peak = 2833.344 ; gain = 49.027 ; free physical = 531 ; free virtual = 10620
Phase 2 Global Placement | Checksum: 1e6d780ed

Time (s): cpu = 00:00:05 ; elapsed = 00:00:02 . Memory (MB): peak = 2833.344 ; gain = 49.027 ; free physical = 531 ; free virtual = 10620

Phase 3 Detail Placement

Phase 3.1 Commit Multi Column Macros
Phase 3.1 Commit Multi Column Macros | Checksum: 1e6d780ed

Time (s): cpu = 00:00:05 ; elapsed = 00:00:02 . Memory (MB): peak = 2833.344 ; gain = 49.027 ; free physical = 531 ; free virtual = 10620

Phase 3.2 Commit Most Macros & LUTRAMs
Phase 3.2 Commit Most Macros & LUTRAMs | Checksum: 153b7c02c

Time (s): cpu = 00:00:05 ; elapsed = 00:00:02 . Memory (MB): peak = 2833.344 ; gain = 49.027 ; free physical = 530 ; free virtual = 10619

Phase 3.3 Area Swap Optimization
Phase 3.3 Area Swap Optimization | Checksum: 14eee994f

Time (s): cpu = 00:00:05 ; elapsed = 00:00:02 . Memory (MB): peak = 2833.344 ; gain = 49.027 ; free physical = 529 ; free virtual = 10618

Phase 3.4 Pipeline Register Optimization
Phase 3.4 Pipeline Register Optimization | Checksum: 14eee994f

Time (s): cpu = 00:00:05 ; elapsed = 00:00:02 . Memory (MB): peak = 2833.344 ; gain = 49.027 ; free physical = 529 ; free virtual = 10618

Phase 3.5 Small Shape DP

Phase 3.5.1 Small Shape Clustering
Phase 3.5.1 Small Shape Clustering | Checksum: 170d31727

Time (s): cpu = 00:00:06 ; elapsed = 00:00:03 . Memory (MB): peak = 2833.344 ; gain = 49.027 ; free physical = 518 ; free virtual = 10607

Phase 3.5.2 DP Optimization
Phase 3.5.2 DP Optimization | Checksum: 1744f6e89

Time (s): cpu = 00:00:07 ; elapsed = 00:00:03 . Memory (MB): peak = 2833.344 ; gain = 49.027 ; free physical = 518 ; free virtual = 10608

Phase 3.5.3 Flow Legalize Slice Clusters
Phase 3.5.3 Flow Legalize Slice Clusters | Checksum: 19c785aba

Time (s): cpu = 00:00:07 ; elapsed = 00:00:03 . Memory (MB): peak = 2833.344 ; gain = 49.027 ; free physical = 518 ; free virtual = 10608

Phase 3.5.4 Slice Area Swap
Phase 3.5.4 Slice Area Swap | Checksum: 1393b0919

Time (s): cpu = 00:00:07 ; elapsed = 00:00:03 . Memory (MB): peak = 2833.344 ; gain = 49.027 ; free physical = 504 ; free virtual = 10594

Phase 3.5.5 Commit Slice Clusters
Phase 3.5.5 Commit Slice Clusters | Checksum: 187e3e2c1

Time (s): cpu = 00:00:07 ; elapsed = 00:00:03 . Memory (MB): peak = 2833.344 ; gain = 49.027 ; free physical = 517 ; free virtual = 10607
Phase 3.5 Small Shape DP | Checksum: 187e3e2c1

Time (s): cpu = 00:00:08 ; elapsed = 00:00:03 . Memory (MB): peak = 2833.344 ; gain = 49.027 ; free physical = 516 ; free virtual = 10607

Phase 3.6 Re-assign LUT pins
Phase 3.6 Re-assign LUT pins | Checksum: 187e3e2c1

Time (s): cpu = 00:00:08 ; elapsed = 00:00:03 . Memory (MB): peak = 2833.344 ; gain = 49.027 ; free physical = 516 ; free virtual = 10607

Phase 3.7 Pipeline Register Optimization
Phase 3.7 Pipeline Register Optimization | Checksum: 187e3e2c1

Time (s): cpu = 00:00:08 ; elapsed = 00:00:03 . Memory (MB): peak = 2833.344 ; gain = 49.027 ; free physical = 516 ; free virtual = 10607
Phase 3 Detail Placement | Checksum: 187e3e2c1

Time (s): cpu = 00:00:08 ; elapsed = 00:00:03 . Memory (MB): peak = 2833.344 ; gain = 49.027 ; free physical = 516 ; free virtual = 10607

Phase 4 Post Placement Optimization and Clean-Up

Phase 4.1 Post Commit Optimization
Phase 4.1 Post Commit Optimization | Checksum: 187e3e2c1

Time (s): cpu = 00:00:08 ; elapsed = 00:00:03 . Memory (MB): peak = 2833.344 ; gain = 49.027 ; free physical = 521 ; free virtual = 10612

Phase 4.2 Post Placement Cleanup
Phase 4.2 Post Placement Cleanup | Checksum: 187e3e2c1

Time (s): cpu = 00:00:08 ; elapsed = 00:00:03 . Memory (MB): peak = 2833.344 ; gain = 49.027 ; free physical = 529 ; free virtual = 10620
Netlist sorting complete. Time (s): cpu = 00:00:00 ; elapsed = 00:00:00 . Memory (MB): peak = 2833.344 ; gain = 0.000 ; free physical = 529 ; free virtual = 10620

Phase 4.3 Placer Reporting
Phase 4.3 Placer Reporting | Checksum: 1beb4b97d

Time (s): cpu = 00:00:08 ; elapsed = 00:00:03 . Memory (MB): peak = 2833.344 ; gain = 49.027 ; free physical = 527 ; free virtual = 10618

Phase 4.4 Final Placement Cleanup
Netlist sorting complete. Time (s): cpu = 00:00:00 ; elapsed = 00:00:00 . Memory (MB): peak = 2833.344 ; gain = 0.000 ; free physical = 526 ; free virtual = 10617
Phase 4.4 Final Placement Cleanup | Checksum: 18d8356c2

Time (s): cpu = 00:00:08 ; elapsed = 00:00:03 . Memory (MB): peak = 2833.344 ; gain = 49.027 ; free physical = 526 ; free virtual = 10617
Phase 4 Post Placement Optimization and Clean-Up | Checksum: 18d8356c2

Time (s): cpu = 00:00:08 ; elapsed = 00:00:03 . Memory (MB): peak = 2833.344 ; gain = 49.027 ; free physical = 526 ; free virtual = 10617
Ending Placer Task | Checksum: 18ba7f73f

Time (s): cpu = 00:00:08 ; elapsed = 00:00:03 . Memory (MB): peak = 2833.344 ; gain = 49.027 ; free physical = 526 ; free virtual = 10617
INFO: [Common 17-83] Releasing license: Implementation
58 Infos, 101 Warnings, 100 Critical Warnings and 0 Errors encountered.
place_design completed successfully
place_design: Time (s): cpu = 00:00:11 ; elapsed = 00:00:07 . Memory (MB): peak = 2833.344 ; gain = 170.496 ; free physical = 581 ; free virtual = 10672
Command: route_design
Attempting to get a license for feature 'Implementation' and/or device 'xcku040'
INFO: [Common 17-349] Got license for feature 'Implementation' and/or device 'xcku040'
Running DRC as a precondition to command route_design
INFO: [DRC 23-27] Running DRC with 8 threads
INFO: [Vivado_Tcl 4-198] DRC finished with 0 Errors
INFO: [Vivado_Tcl 4-199] Please refer to the DRC report (report_drc) for more information.


Starting Routing Task
INFO: [Route 35-254] Multithreading enabled for route_design using a maximum of 8 CPUs
Checksum: PlaceDB: c712517d ConstDB: 0 ShapeSum: 8dc4cf06 RouteDB: 36d0d6bc

Phase 1 Build RT Design
Phase 1 Build RT Design | Checksum: 847d87bd

Time (s): cpu = 00:00:41 ; elapsed = 00:00:29 . Memory (MB): peak = 3066.891 ; gain = 168.012 ; free physical = 338 ; free virtual = 10409
Post Restoration Checksum: NetGraph: 9a104656 NumContArr: 8d3f5d75 Constraints: d0743add Timing: 0

Phase 2 Router Initialization
INFO: [Route 35-64] No timing constraints were detected. The router will operate in resource-optimization mode.

Phase 2.1 Fix Topology Constraints
Phase 2.1 Fix Topology Constraints | Checksum: 1f7c3dea8

Time (s): cpu = 00:00:41 ; elapsed = 00:00:29 . Memory (MB): peak = 3095.887 ; gain = 197.008 ; free physical = 282 ; free virtual = 10361

Phase 2.2 Pre Route Cleanup
Phase 2.2 Pre Route Cleanup | Checksum: 1f7c3dea8

Time (s): cpu = 00:00:41 ; elapsed = 00:00:29 . Memory (MB): peak = 3095.887 ; gain = 197.008 ; free physical = 282 ; free virtual = 10361

Phase 2.3 Global Clock Net Routing
 Number of Nodes with overlaps = 0
Phase 2.3 Global Clock Net Routing | Checksum: 17bb062b7

Time (s): cpu = 00:00:42 ; elapsed = 00:00:30 . Memory (MB): peak = 3149.371 ; gain = 250.492 ; free physical = 263 ; free virtual = 10350
Phase 2 Router Initialization | Checksum: 17bb062b7

Time (s): cpu = 00:00:42 ; elapsed = 00:00:30 . Memory (MB): peak = 3149.371 ; gain = 250.492 ; free physical = 263 ; free virtual = 10350

Router Utilization Summary
  Global Vertical Routing Utilization    = 0 %
  Global Horizontal Routing Utilization  = 0 %
  Routable Net Status*
  *Does not include unroutable nets such as driverless and loadless.
  Run report_route_status for detailed report.
  Number of Failed Nets               = 62
    (Failed Nets is the sum of unrouted and partially routed nets)
  Number of Unrouted Nets             = 52
  Number of Partially Routed Nets     = 10
  Number of Node Overlaps             = 0


Phase 3 Initial Routing
Phase 3 Initial Routing | Checksum: 1cd8da8fe

Time (s): cpu = 00:00:46 ; elapsed = 00:00:32 . Memory (MB): peak = 3155.344 ; gain = 256.465 ; free physical = 262 ; free virtual = 10340

Phase 4 Rip-up And Reroute

Phase 4.1 Global Iteration 0
 Number of Nodes with overlaps = 0
Phase 4.1 Global Iteration 0 | Checksum: 16d0ddebb

Time (s): cpu = 00:00:47 ; elapsed = 00:00:32 . Memory (MB): peak = 3155.344 ; gain = 256.465 ; free physical = 261 ; free virtual = 10340
Phase 4 Rip-up And Reroute | Checksum: 16d0ddebb

Time (s): cpu = 00:00:47 ; elapsed = 00:00:32 . Memory (MB): peak = 3155.344 ; gain = 256.465 ; free physical = 261 ; free virtual = 10340

Phase 5 Delay and Skew Optimization
Phase 5 Delay and Skew Optimization | Checksum: 16d0ddebb

Time (s): cpu = 00:00:47 ; elapsed = 00:00:32 . Memory (MB): peak = 3155.344 ; gain = 256.465 ; free physical = 261 ; free virtual = 10340

Phase 6 Post Hold Fix

Phase 6.1 Hold Fix Iter
Phase 6.1 Hold Fix Iter | Checksum: 16d0ddebb

Time (s): cpu = 00:00:47 ; elapsed = 00:00:32 . Memory (MB): peak = 3155.344 ; gain = 256.465 ; free physical = 261 ; free virtual = 10340
Phase 6 Post Hold Fix | Checksum: 16d0ddebb

Time (s): cpu = 00:00:47 ; elapsed = 00:00:32 . Memory (MB): peak = 3155.344 ; gain = 256.465 ; free physical = 261 ; free virtual = 10340

Phase 7 Route finalize

Router Utilization Summary
  Global Vertical Routing Utilization    = 0.00147675 %
  Global Horizontal Routing Utilization  = 0.001027 %
  Routable Net Status*
  *Does not include unroutable nets such as driverless and loadless.
  Run report_route_status for detailed report.
  Number of Failed Nets               = 0
    (Failed Nets is the sum of unrouted and partially routed nets)
  Number of Unrouted Nets             = 0
  Number of Partially Routed Nets     = 0
  Number of Node Overlaps             = 0

Congestion Report
North Dir 1x1 Area, Max Cong = 9.74576%, No Congested Regions.
South Dir 1x1 Area, Max Cong = 4.21941%, No Congested Regions.
East Dir 1x1 Area, Max Cong = 7.69231%, No Congested Regions.
West Dir 1x1 Area, Max Cong = 2.88462%, No Congested Regions.

------------------------------
Reporting congestion hotspots
------------------------------
Direction: North
----------------
Congested clusters found at Level 0
Effective congestion level: 0 Aspect Ratio: 1 Sparse Ratio: 0
Direction: South
----------------
Congested clusters found at Level 0
Effective congestion level: 0 Aspect Ratio: 1 Sparse Ratio: 0
Direction: East
----------------
Congested clusters found at Level 0
Effective congestion level: 0 Aspect Ratio: 1 Sparse Ratio: 0
Direction: West
----------------
Congested clusters found at Level 0
Effective congestion level: 0 Aspect Ratio: 1 Sparse Ratio: 0

Phase 7 Route finalize | Checksum: 16d0ddebb

Time (s): cpu = 00:00:48 ; elapsed = 00:00:32 . Memory (MB): peak = 3155.344 ; gain = 256.465 ; free physical = 252 ; free virtual = 10339

Phase 8 Verifying routed nets

 Verification completed successfully
Phase 8 Verifying routed nets | Checksum: 16d0ddebb

Time (s): cpu = 00:00:48 ; elapsed = 00:00:32 . Memory (MB): peak = 3155.344 ; gain = 256.465 ; free physical = 251 ; free virtual = 10338

Phase 9 Depositing Routes
Phase 9 Depositing Routes | Checksum: 16d0ddebb

Time (s): cpu = 00:00:48 ; elapsed = 00:00:32 . Memory (MB): peak = 3155.344 ; gain = 256.465 ; free physical = 251 ; free virtual = 10338
INFO: [Route 35-16] Router Completed Successfully

Time (s): cpu = 00:00:48 ; elapsed = 00:00:32 . Memory (MB): peak = 3155.344 ; gain = 256.465 ; free physical = 315 ; free virtual = 10402

Routing Is Done.
INFO: [Common 17-83] Releasing license: Implementation
66 Infos, 101 Warnings, 100 Critical Warnings and 0 Errors encountered.
route_design completed successfully
route_design: Time (s): cpu = 00:00:51 ; elapsed = 00:00:35 . Memory (MB): peak = 3155.344 ; gain = 322.000 ; free physical = 315 ; free virtual = 10402
Netlist sorting complete. Time (s): cpu = 00:00:00 ; elapsed = 00:00:00 . Memory (MB): peak = 3155.344 ; gain = 0.000 ; free physical = 315 ; free virtual = 10402
INFO: [Timing 38-480] Writing timing data to binary archive.
Writing placer database...
Writing XDEF routing.
Writing XDEF routing logical nets.
Writing XDEF routing special nets.
Write XDEF Complete: Time (s): cpu = 00:00:00.09 ; elapsed = 00:00:00.03 . Memory (MB): peak = 3155.344 ; gain = 0.000 ; free physical = 311 ; free virtual = 10401
INFO: [Common 17-1381] The checkpoint '/home/bscuser/Documents/work/GitLab/git_vivado_kcu105/run/top_routed.dcp' has been generated.
INFO: [Timing 38-91] UpdateTimingParams: Speed grade: -2, Temperature grade: E, Delay Type: min_max.
INFO: [Timing 38-191] Multithreading enabled for timing update using a maximum of 8 CPUs
Command: write_bitstream -force top.bit
Attempting to get a license for feature 'Implementation' and/or device 'xcku040'
INFO: [Common 17-349] Got license for feature 'Implementation' and/or device 'xcku040'
Running DRC as a precondition to command write_bitstream
INFO: [IP_Flow 19-234] Refreshing IP repositories
INFO: [IP_Flow 19-1704] No user IP repositories specified
INFO: [IP_Flow 19-2313] Loaded Vivado IP repository '/home/bscuser/eda/Xilinx/Vivado/2019.2/data/ip'.
INFO: [DRC 23-27] Running DRC with 8 threads
WARNING: [DRC CFGBVS-1] Missing CFGBVS and CONFIG_VOLTAGE Design Properties: Neither the CFGBVS nor CONFIG_VOLTAGE voltage property is set in the current_design.  Configuration bank voltage select (CFGBVS) must be set to VCCO or GND, and CONFIG_VOLTAGE must be set to the correct configuration voltage, in order to determine the I/O voltage support for the pins in bank 0.  It is suggested to specify these either using the 'Edit Device Properties' function in the GUI or directly in the XDC file using the following syntax:

 set_property CFGBVS value1 [current_design]
 #where value1 is either VCCO or GND

 set_property CONFIG_VOLTAGE value2 [current_design]
 #where value2 is the voltage provided to configuration bank 0

Refer to the device configuration user guide for more information.
INFO: [Vivado 12-3199] DRC finished with 0 Errors, 1 Warnings
INFO: [Vivado 12-3200] Please refer to the DRC report (report_drc) for more information.
INFO: [Designutils 20-2272] Running write_bitstream with 8 threads.
Loading data files...
Loading site data...
Loading route data...
Processing options...
Creating bitmap...
Creating bitstream...
Writing bitstream ./top.bit...
INFO: [Vivado 12-1842] Bitgen Completed Successfully.
INFO: [Project 1-118] WebTalk data collection is enabled (User setting is ON. Install Setting is ON.).
INFO: [Common 17-186] '/home/bscuser/Documents/work/GitLab/git_vivado_kcu105/run/usage_statistics_webtalk.xml' has been successfully sent to Xilinx on Fri Nov 26 16:44:51 2021. For additional details about this file, please refer to the WebTalk help file at /home/bscuser/eda/Xilinx/Vivado/2019.2/doc/webtalk_introduction.html.
INFO: [Common 17-83] Releasing license: Implementation
82 Infos, 102 Warnings, 100 Critical Warnings and 0 Errors encountered.
write_bitstream completed successfully
write_bitstream: Time (s): cpu = 00:00:18 ; elapsed = 00:00:43 . Memory (MB): peak = 3303.887 ; gain = 148.543 ; free physical = 368 ; free virtual = 10346
INFO: [Common 17-206] Exiting Vivado at Fri Nov 26 16:45:01 2021...
