#-----------------------------------------------------------
# Vivado v2019.2 (64-bit)
# SW Build 2708876 on Wed Nov  6 21:39:14 MST 2019
# IP Build 2700528 on Thu Nov  7 00:09:20 MST 2019
# Start of session at: Fri Nov 26 16:39:01 2021
# Process ID: 25916
# Current directory: /home/bscuser/Documents/work/GitLab/git_vivado_kcu105/run
# Command line: vivado -mode batch -source ../script/vivado_non_project.tcl -notrace -tclargs -cmd run -ifn ../script/file_list.txt -top top -part xcku040-ffva1156-2
# Log file: /home/bscuser/Documents/work/GitLab/git_vivado_kcu105/run/vivado.log
# Journal file: /home/bscuser/Documents/work/GitLab/git_vivado_kcu105/run/vivado.jou
#-----------------------------------------------------------
source ../script/vivado_non_project.tcl -notrace
    IfnOpt=../script/file_list.txt TopOpt=top PartOpt=xcku040-ffva1156-2
WARNING: Unsupported file extension .txt for ../script/file_list.txt
WARNING: Unsupported source type misc. ../script/file_list.txt will be version controlled.
Command: synth_design -top top -part xcku040-ffva1156-2
WARNING: [Device 21-436] No parts matched 'xcku040-ffva1156-2'
0 Infos, 1 Warnings, 0 Critical Warnings and 1 Errors encountered.
synth_design failed
ERROR: [Common 17-162] Invalid option value specified for '-part'.
INFO: [Common 17-206] Exiting Vivado at Fri Nov 26 16:39:10 2021...
